{"/home/runner/workspace/client/src/components/GlobalSearch.tsx": {"path":"/home/runner/workspace/client/src/components/GlobalSearch.tsx","statementMap":{"0":{"start":{"line":7,"column":2},"end":{"line":7,"column":null}},"1":{"start":{"line":7,"column":10},"end":{"line":7,"column":null}},"2":{"start":{"line":8,"column":15},"end":{"line":8,"column":null}},"3":{"start":{"line":9,"column":2},"end":{"line":13,"column":null}},"4":{"start":{"line":17,"column":19},"end":{"line":17,"column":null}},"5":{"start":{"line":19,"column":22},"end":{"line":19,"column":null}},"6":{"start":{"line":20,"column":16},"end":{"line":20,"column":null}},"7":{"start":{"line":21,"column":8},"end":{"line":21,"column":null}},"8":{"start":{"line":24,"column":2},"end":{"line":35,"column":null}},"9":{"start":{"line":25,"column":22},"end":{"line":32,"column":null}},"10":{"start":{"line":26,"column":6},"end":{"line":30,"column":null}},"11":{"start":{"line":27,"column":8},"end":{"line":27,"column":null}},"12":{"start":{"line":28,"column":8},"end":{"line":28,"column":null}},"13":{"start":{"line":29,"column":8},"end":{"line":29,"column":null}},"14":{"start":{"line":29,"column":25},"end":{"line":29,"column":52}},"15":{"start":{"line":31,"column":6},"end":{"line":31,"column":null}},"16":{"start":{"line":31,"column":30},"end":{"line":31,"column":null}},"17":{"start":{"line":33,"column":4},"end":{"line":33,"column":null}},"18":{"start":{"line":34,"column":4},"end":{"line":34,"column":null}},"19":{"start":{"line":34,"column":17},"end":{"line":34,"column":null}},"20":{"start":{"line":38,"column":18},"end":{"line":38,"column":null}},"21":{"start":{"line":39,"column":2},"end":{"line":42,"column":null}},"22":{"start":{"line":40,"column":14},"end":{"line":40,"column":null}},"23":{"start":{"line":40,"column":31},"end":{"line":40,"column":48}},"24":{"start":{"line":41,"column":4},"end":{"line":41,"column":null}},"25":{"start":{"line":41,"column":17},"end":{"line":41,"column":null}},"26":{"start":{"line":44,"column":8},"end":{"line":47,"column":null}},"27":{"start":{"line":45,"column":10},"end":{"line":45,"column":null}},"28":{"start":{"line":50,"column":22},"end":{"line":53,"column":null}},"29":{"start":{"line":55,"column":18},"end":{"line":55,"column":null}},"30":{"start":{"line":57,"column":17},"end":{"line":61,"column":null}},"31":{"start":{"line":58,"column":4},"end":{"line":58,"column":null}},"32":{"start":{"line":59,"column":4},"end":{"line":59,"column":null}},"33":{"start":{"line":60,"column":4},"end":{"line":60,"column":null}},"34":{"start":{"line":63,"column":2},"end":{"line":173,"column":null}},"35":{"start":{"line":69,"column":10},"end":{"line":69,"column":null}},"36":{"start":{"line":70,"column":10},"end":{"line":70,"column":null}},"37":{"start":{"line":70,"column":27},"end":{"line":70,"column":54}},"38":{"start":{"line":86,"column":29},"end":{"line":86,"column":null}},"39":{"start":{"line":90,"column":32},"end":{"line":90,"column":null}},"40":{"start":{"line":99,"column":33},"end":{"line":99,"column":null}},"41":{"start":{"line":121,"column":20},"end":{"line":160,"column":null}},"42":{"start":{"line":124,"column":39},"end":{"line":124,"column":null}},"43":{"start":{"line":134,"column":32},"end":{"line":139,"column":null}}},"fnMap":{"0":{"name":"fmtDate","decl":{"start":{"line":6,"column":9},"end":{"line":6,"column":17}},"loc":{"start":{"line":6,"column":43},"end":{"line":14,"column":null}},"line":6},"1":{"name":"GlobalSearch","decl":{"start":{"line":16,"column":16},"end":{"line":16,"column":31}},"loc":{"start":{"line":16,"column":31},"end":{"line":175,"column":null}},"line":16},"2":{"name":"(anonymous_2)","decl":{"start":{"line":24,"column":12},"end":{"line":24,"column":18}},"loc":{"start":{"line":24,"column":18},"end":{"line":35,"column":5}},"line":24},"3":{"name":"(anonymous_3)","decl":{"start":{"line":25,"column":22},"end":{"line":25,"column":23}},"loc":{"start":{"line":25,"column":44},"end":{"line":32,"column":null}},"line":25},"4":{"name":"(anonymous_4)","decl":{"start":{"line":29,"column":19},"end":{"line":29,"column":25}},"loc":{"start":{"line":29,"column":25},"end":{"line":29,"column":52}},"line":29},"5":{"name":"(anonymous_5)","decl":{"start":{"line":34,"column":11},"end":{"line":34,"column":17}},"loc":{"start":{"line":34,"column":17},"end":{"line":34,"column":null}},"line":34},"6":{"name":"(anonymous_6)","decl":{"start":{"line":39,"column":12},"end":{"line":39,"column":18}},"loc":{"start":{"line":39,"column":18},"end":{"line":42,"column":5}},"line":39},"7":{"name":"(anonymous_7)","decl":{"start":{"line":40,"column":25},"end":{"line":40,"column":31}},"loc":{"start":{"line":40,"column":31},"end":{"line":40,"column":48}},"line":40},"8":{"name":"(anonymous_8)","decl":{"start":{"line":41,"column":11},"end":{"line":41,"column":17}},"loc":{"start":{"line":41,"column":17},"end":{"line":41,"column":null}},"line":41},"9":{"name":"(anonymous_9)","decl":{"start":{"line":45,"column":4},"end":{"line":45,"column":10}},"loc":{"start":{"line":45,"column":10},"end":{"line":45,"column":null}},"line":45},"10":{"name":"(anonymous_10)","decl":{"start":{"line":57,"column":17},"end":{"line":57,"column":18}},"loc":{"start":{"line":57,"column":33},"end":{"line":61,"column":null}},"line":57},"11":{"name":"(anonymous_11)","decl":{"start":{"line":68,"column":17},"end":{"line":68,"column":23}},"loc":{"start":{"line":68,"column":23},"end":{"line":71,"column":null}},"line":68},"12":{"name":"(anonymous_12)","decl":{"start":{"line":70,"column":21},"end":{"line":70,"column":27}},"loc":{"start":{"line":70,"column":27},"end":{"line":70,"column":54}},"line":70},"13":{"name":"(anonymous_13)","decl":{"start":{"line":86,"column":23},"end":{"line":86,"column":29}},"loc":{"start":{"line":86,"column":29},"end":{"line":86,"column":null}},"line":86},"14":{"name":"(anonymous_14)","decl":{"start":{"line":90,"column":25},"end":{"line":90,"column":26}},"loc":{"start":{"line":90,"column":32},"end":{"line":90,"column":null}},"line":90},"15":{"name":"(anonymous_15)","decl":{"start":{"line":99,"column":26},"end":{"line":99,"column":27}},"loc":{"start":{"line":99,"column":33},"end":{"line":99,"column":null}},"line":99},"16":{"name":"(anonymous_16)","decl":{"start":{"line":120,"column":31},"end":{"line":120,"column":32}},"loc":{"start":{"line":121,"column":20},"end":{"line":160,"column":null}},"line":121},"17":{"name":"(anonymous_17)","decl":{"start":{"line":124,"column":33},"end":{"line":124,"column":39}},"loc":{"start":{"line":124,"column":39},"end":{"line":124,"column":null}},"line":124},"18":{"name":"(anonymous_18)","decl":{"start":{"line":133,"column":54},"end":{"line":133,"column":55}},"loc":{"start":{"line":134,"column":32},"end":{"line":139,"column":null}},"line":134}},"branchMap":{"0":{"loc":{"start":{"line":7,"column":2},"end":{"line":7,"column":null}},"type":"if","locations":[{"start":{"line":7,"column":2},"end":{"line":7,"column":null}},{"start":{},"end":{}}],"line":7},"1":{"loc":{"start":{"line":8,"column":15},"end":{"line":8,"column":null}},"type":"cond-expr","locations":[{"start":{"line":8,"column":39},"end":{"line":8,"column":53}},{"start":{"line":8,"column":53},"end":{"line":8,"column":null}}],"line":8},"2":{"loc":{"start":{"line":26,"column":6},"end":{"line":30,"column":null}},"type":"if","locations":[{"start":{"line":26,"column":6},"end":{"line":30,"column":null}},{"start":{},"end":{}}],"line":26},"3":{"loc":{"start":{"line":26,"column":6},"end":{"line":26,"column":67}},"type":"binary-expr","locations":[{"start":{"line":26,"column":11},"end":{"line":26,"column":24}},{"start":{"line":26,"column":24},"end":{"line":26,"column":38}},{"start":{"line":26,"column":38},"end":{"line":26,"column":67}}],"line":26},"4":{"loc":{"start":{"line":31,"column":6},"end":{"line":31,"column":null}},"type":"if","locations":[{"start":{"line":31,"column":6},"end":{"line":31,"column":null}},{"start":{},"end":{}}],"line":31},"5":{"loc":{"start":{"line":51,"column":9},"end":{"line":51,"column":20}},"type":"binary-expr","locations":[{"start":{"line":51,"column":9},"end":{"line":51,"column":15}},{"start":{"line":51,"column":15},"end":{"line":51,"column":20}}],"line":51},"6":{"loc":{"start":{"line":52,"column":15},"end":{"line":52,"column":38}},"type":"binary-expr","locations":[{"start":{"line":52,"column":15},"end":{"line":52,"column":23}},{"start":{"line":52,"column":23},"end":{"line":52,"column":38}}],"line":52},"7":{"loc":{"start":{"line":55,"column":18},"end":{"line":55,"column":null}},"type":"binary-expr","locations":[{"start":{"line":55,"column":18},"end":{"line":55,"column":38}},{"start":{"line":55,"column":38},"end":{"line":55,"column":null}}],"line":55},"8":{"loc":{"start":{"line":78,"column":11},"end":{"line":78,"column":null}},"type":"cond-expr","locations":[{"start":{"line":78,"column":19},"end":{"line":78,"column":26}},{"start":{"line":78,"column":26},"end":{"line":78,"column":null}}],"line":78},"9":{"loc":{"start":{"line":83,"column":7},"end":{"line":172,"column":null}},"type":"cond-expr","locations":[{"start":{"line":84,"column":8},"end":{"line":171,"column":null}},{"start":{"line":172,"column":10},"end":{"line":172,"column":null}}],"line":83},"10":{"loc":{"start":{"line":103,"column":15},"end":{"line":105,"column":null}},"type":"cond-expr","locations":[{"start":{"line":104,"column":16},"end":{"line":104,"column":null}},{"start":{"line":105,"column":18},"end":{"line":105,"column":null}}],"line":103},"11":{"loc":{"start":{"line":109,"column":15},"end":{"line":162,"column":null}},"type":"cond-expr","locations":[{"start":{"line":110,"column":16},"end":{"line":113,"column":null}},{"start":{"line":114,"column":18},"end":{"line":162,"column":null}}],"line":109},"12":{"loc":{"start":{"line":114,"column":18},"end":{"line":162,"column":null}},"type":"cond-expr","locations":[{"start":{"line":115,"column":16},"end":{"line":117,"column":null}},{"start":{"line":119,"column":16},"end":{"line":162,"column":null}}],"line":114},"13":{"loc":{"start":{"line":114,"column":18},"end":{"line":114,"column":null}},"type":"binary-expr","locations":[{"start":{"line":114,"column":18},"end":{"line":114,"column":42}},{"start":{"line":114,"column":42},"end":{"line":114,"column":null}}],"line":114},"14":{"loc":{"start":{"line":131,"column":27},"end":{"line":146,"column":null}},"type":"cond-expr","locations":[{"start":{"line":132,"column":28},"end":{"line":144,"column":null}},{"start":{"line":146,"column":28},"end":{"line":146,"column":null}}],"line":131},"15":{"loc":{"start":{"line":131,"column":27},"end":{"line":131,"column":null}},"type":"binary-expr","locations":[{"start":{"line":131,"column":27},"end":{"line":131,"column":52}},{"start":{"line":131,"column":52},"end":{"line":131,"column":null}}],"line":131},"16":{"loc":{"start":{"line":141,"column":31},"end":{"line":143,"column":null}},"type":"cond-expr","locations":[{"start":{"line":142,"column":32},"end":{"line":142,"column":null}},{"start":{"line":143,"column":34},"end":{"line":143,"column":null}}],"line":141},"17":{"loc":{"start":{"line":151,"column":44},"end":{"line":151,"column":78}},"type":"binary-expr","locations":[{"start":{"line":151,"column":44},"end":{"line":151,"column":67}},{"start":{"line":151,"column":67},"end":{"line":151,"column":78}}],"line":151},"18":{"loc":{"start":{"line":168,"column":43},"end":{"line":168,"column":67}},"type":"cond-expr","locations":[{"start":{"line":168,"column":51},"end":{"line":168,"column":58}},{"start":{"line":168,"column":58},"end":{"line":168,"column":67}}],"line":168}},"s":{"0":0,"1":0,"2":0,"3":0,"4":0,"5":0,"6":0,"7":0,"8":0,"9":0,"10":0,"11":0,"12":0,"13":0,"14":0,"15":0,"16":0,"17":0,"18":0,"19":0,"20":0,"21":0,"22":0,"23":0,"24":0,"25":0,"26":0,"27":0,"28":0,"29":0,"30":0,"31":0,"32":0,"33":0,"34":0,"35":0,"36":0,"37":0,"38":0,"39":0,"40":0,"41":0,"42":0,"43":0},"f":{"0":0,"1":0,"2":0,"3":0,"4":0,"5":0,"6":0,"7":0,"8":0,"9":0,"10":0,"11":0,"12":0,"13":0,"14":0,"15":0,"16":0,"17":0,"18":0},"b":{"0":[0,0],"1":[0,0],"2":[0,0],"3":[0,0,0],"4":[0,0],"5":[0,0],"6":[0,0],"7":[0,0],"8":[0,0],"9":[0,0],"10":[0,0],"11":[0,0],"12":[0,0],"13":[0,0],"14":[0,0],"15":[0,0],"16":[0,0],"17":[0,0],"18":[0,0]},"meta":{"lastBranch":19,"lastFunction":19,"lastStatement":44,"seen":{"f:6:9:6:17":0,"b:7:2:7:Infinity:undefined:undefined:undefined:undefined":0,"s:7:2:7:Infinity":0,"s:7:10:7:Infinity":1,"s:8:15:8:Infinity":2,"b:8:39:8:53:8:53:8:Infinity":1,"s:9:2:13:Infinity":3,"f:16:16:16:31":1,"s:17:19:17:Infinity":4,"s:19:22:19:Infinity":5,"s:20:16:20:Infinity":6,"s:21:8:21:Infinity":7,"s:24:2:35:Infinity":8,"f:24:12:24:18":2,"s:25:22:32:Infinity":9,"f:25:22:25:23":3,"b:26:6:30:Infinity:undefined:undefined:undefined:undefined":2,"s:26:6:30:Infinity":10,"b:26:11:26:24:26:24:26:38:26:38:26:67":3,"s:27:8:27:Infinity":11,"s:28:8:28:Infinity":12,"s:29:8:29:Infinity":13,"f:29:19:29:25":4,"s:29:25:29:52":14,"b:31:6:31:Infinity:undefined:undefined:undefined:undefined":4,"s:31:6:31:Infinity":15,"s:31:30:31:Infinity":16,"s:33:4:33:Infinity":17,"s:34:4:34:Infinity":18,"f:34:11:34:17":5,"s:34:17:34:Infinity":19,"s:38:18:38:Infinity":20,"s:39:2:42:Infinity":21,"f:39:12:39:18":6,"s:40:14:40:Infinity":22,"f:40:25:40:31":7,"s:40:31:40:48":23,"s:41:4:41:Infinity":24,"f:41:11:41:17":8,"s:41:17:41:Infinity":25,"s:44:8:47:Infinity":26,"f:45:4:45:10":9,"s:45:10:45:Infinity":27,"s:50:22:53:Infinity":28,"b:51:9:51:15:51:15:51:20":5,"b:52:15:52:23:52:23:52:38":6,"s:55:18:55:Infinity":29,"b:55:18:55:38:55:38:55:Infinity":7,"s:57:17:61:Infinity":30,"f:57:17:57:18":10,"s:58:4:58:Infinity":31,"s:59:4:59:Infinity":32,"s:60:4:60:Infinity":33,"s:63:2:173:Infinity":34,"f:68:17:68:23":11,"s:69:10:69:Infinity":35,"s:70:10:70:Infinity":36,"f:70:21:70:27":12,"s:70:27:70:54":37,"b:78:19:78:26:78:26:78:Infinity":8,"b:84:8:171:Infinity:172:10:172:Infinity":9,"f:86:23:86:29":13,"s:86:29:86:Infinity":38,"f:90:25:90:26":14,"s:90:32:90:Infinity":39,"f:99:26:99:27":15,"s:99:33:99:Infinity":40,"b:104:16:104:Infinity:105:18:105:Infinity":10,"b:110:16:113:Infinity:114:18:162:Infinity":11,"b:115:16:117:Infinity:119:16:162:Infinity":12,"b:114:18:114:42:114:42:114:Infinity":13,"f:120:31:120:32":16,"s:121:20:160:Infinity":41,"f:124:33:124:39":17,"s:124:39:124:Infinity":42,"b:132:28:144:Infinity:146:28:146:Infinity":14,"b:131:27:131:52:131:52:131:Infinity":15,"f:133:54:133:55":18,"s:134:32:139:Infinity":43,"b:142:32:142:Infinity:143:34:143:Infinity":16,"b:151:44:151:67:151:67:151:78":17,"b:168:51:168:58:168:58:168:67":18}}}
,"/home/runner/workspace/client/src/components/NavigationBar.tsx": {"path":"/home/runner/workspace/client/src/components/NavigationBar.tsx","statementMap":{"0":{"start":{"line":20,"column":2},"end":{"line":20,"column":null}},"1":{"start":{"line":20,"column":20},"end":{"line":20,"column":null}},"2":{"start":{"line":21,"column":2},"end":{"line":21,"column":null}},"3":{"start":{"line":26,"column":12},"end":{"line":26,"column":null}},"4":{"start":{"line":27,"column":2},"end":{"line":27,"column":null}},"5":{"start":{"line":31,"column":17},"end":{"line":31,"column":null}},"6":{"start":{"line":32,"column":22},"end":{"line":32,"column":null}},"7":{"start":{"line":34,"column":8},"end":{"line":34,"column":null}},"8":{"start":{"line":34,"column":32},"end":{"line":34,"column":60}},"9":{"start":{"line":36,"column":8},"end":{"line":60,"column":null}},"10":{"start":{"line":37,"column":17},"end":{"line":37,"column":null}},"11":{"start":{"line":39,"column":4},"end":{"line":41,"column":null}},"12":{"start":{"line":39,"column":37},"end":{"line":39,"column":67}},"13":{"start":{"line":40,"column":6},"end":{"line":40,"column":null}},"14":{"start":{"line":43,"column":18},"end":{"line":49,"column":null}},"15":{"start":{"line":50,"column":4},"end":{"line":57,"column":null}},"16":{"start":{"line":51,"column":17},"end":{"line":51,"column":null}},"17":{"start":{"line":52,"column":17},"end":{"line":52,"column":null}},"18":{"start":{"line":53,"column":6},"end":{"line":53,"column":null}},"19":{"start":{"line":53,"column":34},"end":{"line":53,"column":null}},"20":{"start":{"line":54,"column":6},"end":{"line":54,"column":null}},"21":{"start":{"line":54,"column":21},"end":{"line":54,"column":null}},"22":{"start":{"line":55,"column":6},"end":{"line":55,"column":null}},"23":{"start":{"line":55,"column":21},"end":{"line":55,"column":null}},"24":{"start":{"line":56,"column":6},"end":{"line":56,"column":null}},"25":{"start":{"line":59,"column":4},"end":{"line":59,"column":null}},"26":{"start":{"line":62,"column":21},"end":{"line":82,"column":null}},"27":{"start":{"line":63,"column":21},"end":{"line":63,"column":null}},"28":{"start":{"line":65,"column":4},"end":{"line":80,"column":null}},"29":{"start":{"line":77,"column":23},"end":{"line":77,"column":null}},"30":{"start":{"line":84,"column":2},"end":{"line":141,"column":null}},"31":{"start":{"line":118,"column":29},"end":{"line":118,"column":null}},"32":{"start":{"line":118,"column":44},"end":{"line":118,"column":46}},"33":{"start":{"line":135,"column":16},"end":{"line":135,"column":null}}},"fnMap":{"0":{"name":"isActiveRoute","decl":{"start":{"line":19,"column":9},"end":{"line":19,"column":23}},"loc":{"start":{"line":19,"column":64},"end":{"line":22,"column":null}},"line":19},"1":{"name":"getActiveThemeId","decl":{"start":{"line":24,"column":9},"end":{"line":24,"column":26}},"loc":{"start":{"line":24,"column":59},"end":{"line":28,"column":null}},"line":24},"2":{"name":"NavigationBar","decl":{"start":{"line":30,"column":24},"end":{"line":30,"column":38}},"loc":{"start":{"line":30,"column":69},"end":{"line":143,"column":null}},"line":30},"3":{"name":"(anonymous_3)","decl":{"start":{"line":34,"column":26},"end":{"line":34,"column":32}},"loc":{"start":{"line":34,"column":32},"end":{"line":34,"column":60}},"line":34},"4":{"name":"(anonymous_4)","decl":{"start":{"line":36,"column":38},"end":{"line":36,"column":44}},"loc":{"start":{"line":36,"column":44},"end":{"line":60,"column":5}},"line":36},"5":{"name":"(anonymous_5)","decl":{"start":{"line":39,"column":30},"end":{"line":39,"column":31}},"loc":{"start":{"line":39,"column":37},"end":{"line":39,"column":67}},"line":39},"6":{"name":"(anonymous_6)","decl":{"start":{"line":50,"column":14},"end":{"line":50,"column":15}},"loc":{"start":{"line":50,"column":24},"end":{"line":57,"column":5}},"line":50},"7":{"name":"(anonymous_7)","decl":{"start":{"line":62,"column":21},"end":{"line":62,"column":22}},"loc":{"start":{"line":62,"column":40},"end":{"line":82,"column":null}},"line":62},"8":{"name":"(anonymous_8)","decl":{"start":{"line":77,"column":17},"end":{"line":77,"column":23}},"loc":{"start":{"line":77,"column":23},"end":{"line":77,"column":null}},"line":77},"9":{"name":"(anonymous_9)","decl":{"start":{"line":118,"column":23},"end":{"line":118,"column":29}},"loc":{"start":{"line":118,"column":29},"end":{"line":118,"column":null}},"line":118},"10":{"name":"(anonymous_10)","decl":{"start":{"line":118,"column":37},"end":{"line":118,"column":38}},"loc":{"start":{"line":118,"column":44},"end":{"line":118,"column":46}},"line":118},"11":{"name":"(anonymous_11)","decl":{"start":{"line":134,"column":28},"end":{"line":134,"column":29}},"loc":{"start":{"line":135,"column":16},"end":{"line":135,"column":null}},"line":135}},"branchMap":{"0":{"loc":{"start":{"line":20,"column":2},"end":{"line":20,"column":null}},"type":"if","locations":[{"start":{"line":20,"column":2},"end":{"line":20,"column":null}},{"start":{},"end":{}}],"line":20},"1":{"loc":{"start":{"line":21,"column":9},"end":{"line":21,"column":null}},"type":"binary-expr","locations":[{"start":{"line":21,"column":9},"end":{"line":21,"column":30}},{"start":{"line":21,"column":30},"end":{"line":21,"column":null}}],"line":21},"2":{"loc":{"start":{"line":27,"column":9},"end":{"line":27,"column":null}},"type":"binary-expr","locations":[{"start":{"line":27,"column":9},"end":{"line":27,"column":19}},{"start":{"line":27,"column":19},"end":{"line":27,"column":null}}],"line":27},"3":{"loc":{"start":{"line":39,"column":4},"end":{"line":41,"column":null}},"type":"if","locations":[{"start":{"line":39,"column":4},"end":{"line":41,"column":null}},{"start":{},"end":{}}],"line":39},"4":{"loc":{"start":{"line":39,"column":8},"end":{"line":39,"column":70}},"type":"binary-expr","locations":[{"start":{"line":39,"column":8},"end":{"line":39,"column":19}},{"start":{"line":39,"column":19},"end":{"line":39,"column":70}}],"line":39},"5":{"loc":{"start":{"line":53,"column":6},"end":{"line":53,"column":null}},"type":"if","locations":[{"start":{"line":53,"column":6},"end":{"line":53,"column":null}},{"start":{},"end":{}}],"line":53},"6":{"loc":{"start":{"line":53,"column":10},"end":{"line":53,"column":34}},"type":"binary-expr","locations":[{"start":{"line":53,"column":10},"end":{"line":53,"column":23}},{"start":{"line":53,"column":23},"end":{"line":53,"column":34}}],"line":53},"7":{"loc":{"start":{"line":54,"column":6},"end":{"line":54,"column":null}},"type":"if","locations":[{"start":{"line":54,"column":6},"end":{"line":54,"column":null}},{"start":{},"end":{}}],"line":54},"8":{"loc":{"start":{"line":55,"column":6},"end":{"line":55,"column":null}},"type":"if","locations":[{"start":{"line":55,"column":6},"end":{"line":55,"column":null}},{"start":{},"end":{}}],"line":55},"9":{"loc":{"start":{"line":72,"column":10},"end":{"line":74,"column":null}},"type":"cond-expr","locations":[{"start":{"line":73,"column":14},"end":{"line":73,"column":null}},{"start":{"line":74,"column":14},"end":{"line":74,"column":null}}],"line":72},"10":{"loc":{"start":{"line":117,"column":26},"end":{"line":117,"column":null}},"type":"cond-expr","locations":[{"start":{"line":117,"column":33},"end":{"line":117,"column":48}},{"start":{"line":117,"column":48},"end":{"line":117,"column":null}}],"line":117},"11":{"loc":{"start":{"line":120,"column":15},"end":{"line":120,"column":null}},"type":"cond-expr","locations":[{"start":{"line":120,"column":22},"end":{"line":120,"column":50}},{"start":{"line":120,"column":50},"end":{"line":120,"column":null}}],"line":120},"12":{"loc":{"start":{"line":131,"column":9},"end":{"line":139,"column":null}},"type":"cond-expr","locations":[{"start":{"line":132,"column":10},"end":{"line":138,"column":null}},{"start":{"line":139,"column":12},"end":{"line":139,"column":null}}],"line":131}},"s":{"0":36,"1":9,"2":27,"3":9,"4":9,"5":9,"6":9,"7":9,"8":9,"9":9,"10":9,"11":9,"12":0,"13":0,"14":9,"15":9,"16":27,"17":27,"18":27,"19":0,"20":27,"21":9,"22":18,"23":0,"24":18,"25":9,"26":9,"27":36,"28":36,"29":0,"30":9,"31":0,"32":0,"33":0},"f":{"0":36,"1":9,"2":9,"3":9,"4":9,"5":0,"6":27,"7":36,"8":0,"9":0,"10":0,"11":0},"b":{"0":[9,27],"1":[27,25],"2":[9,9],"3":[0,9],"4":[9,0],"5":[0,27],"6":[27,9],"7":[9,18],"8":[0,18],"9":[7,29],"10":[0,9],"11":[0,9],"12":[0,9]},"meta":{"lastBranch":13,"lastFunction":12,"lastStatement":34,"seen":{"f:19:9:19:23":0,"b:20:2:20:Infinity:undefined:undefined:undefined:undefined":0,"s:20:2:20:Infinity":0,"s:20:20:20:Infinity":1,"s:21:2:21:Infinity":2,"b:21:9:21:30:21:30:21:Infinity":1,"f:24:9:24:26":1,"s:26:12:26:Infinity":3,"s:27:2:27:Infinity":4,"b:27:9:27:19:27:19:27:Infinity":2,"f:30:24:30:38":2,"s:31:17:31:Infinity":5,"s:32:22:32:Infinity":6,"s:34:8:34:Infinity":7,"f:34:26:34:32":3,"s:34:32:34:60":8,"s:36:8:60:Infinity":9,"f:36:38:36:44":4,"s:37:17:37:Infinity":10,"b:39:4:41:Infinity:undefined:undefined:undefined:undefined":3,"s:39:4:41:Infinity":11,"b:39:8:39:19:39:19:39:70":4,"f:39:30:39:31":5,"s:39:37:39:67":12,"s:40:6:40:Infinity":13,"s:43:18:49:Infinity":14,"s:50:4:57:Infinity":15,"f:50:14:50:15":6,"s:51:17:51:Infinity":16,"s:52:17:52:Infinity":17,"b:53:6:53:Infinity:undefined:undefined:undefined:undefined":5,"s:53:6:53:Infinity":18,"b:53:10:53:23:53:23:53:34":6,"s:53:34:53:Infinity":19,"b:54:6:54:Infinity:undefined:undefined:undefined:undefined":7,"s:54:6:54:Infinity":20,"s:54:21:54:Infinity":21,"b:55:6:55:Infinity:undefined:undefined:undefined:undefined":8,"s:55:6:55:Infinity":22,"s:55:21:55:Infinity":23,"s:56:6:56:Infinity":24,"s:59:4:59:Infinity":25,"s:62:21:82:Infinity":26,"f:62:21:62:22":7,"s:63:21:63:Infinity":27,"s:65:4:80:Infinity":28,"b:73:14:73:Infinity:74:14:74:Infinity":9,"f:77:17:77:23":8,"s:77:23:77:Infinity":29,"s:84:2:141:Infinity":30,"b:117:33:117:48:117:48:117:Infinity":10,"f:118:23:118:29":9,"s:118:29:118:Infinity":31,"f:118:37:118:38":10,"s:118:44:118:46":32,"b:120:22:120:50:120:50:120:Infinity":11,"b:132:10:138:Infinity:139:12:139:Infinity":12,"f:134:28:134:29":11,"s:135:16:135:Infinity":33}}}
,"/home/runner/workspace/client/src/components/PillTabs.tsx": {"path":"/home/runner/workspace/client/src/components/PillTabs.tsx","statementMap":{"0":{"start":{"line":7,"column":13},"end":{"line":10,"column":null}},"1":{"start":{"line":23,"column":2},"end":{"line":42,"column":null}},"2":{"start":{"line":26,"column":25},"end":{"line":26,"column":null}},"3":{"start":{"line":27,"column":8},"end":{"line":39,"column":null}},"4":{"start":{"line":36,"column":27},"end":{"line":36,"column":null}}},"fnMap":{"0":{"name":"PillTabs","decl":{"start":{"line":14,"column":16},"end":{"line":14,"column":25}},"loc":{"start":{"line":22,"column":3},"end":{"line":44,"column":null}},"line":22},"1":{"name":"(anonymous_1)","decl":{"start":{"line":25,"column":16},"end":{"line":25,"column":17}},"loc":{"start":{"line":25,"column":48},"end":{"line":41,"column":7}},"line":25},"2":{"name":"(anonymous_2)","decl":{"start":{"line":36,"column":21},"end":{"line":36,"column":27}},"loc":{"start":{"line":36,"column":27},"end":{"line":36,"column":null}},"line":36}},"branchMap":{"0":{"loc":{"start":{"line":30,"column":21},"end":{"line":30,"column":null}},"type":"cond-expr","locations":[{"start":{"line":30,"column":32},"end":{"line":30,"column":44}},{"start":{"line":30,"column":44},"end":{"line":30,"column":null}}],"line":30},"1":{"loc":{"start":{"line":34,"column":14},"end":{"line":34,"column":null}},"type":"cond-expr","locations":[{"start":{"line":34,"column":25},"end":{"line":34,"column":53}},{"start":{"line":34,"column":53},"end":{"line":34,"column":null}}],"line":34}},"s":{"0":1,"1":4,"2":8,"3":8,"4":0},"f":{"0":4,"1":8,"2":0},"b":{"0":[4,4],"1":[4,4]},"meta":{"lastBranch":2,"lastFunction":3,"lastStatement":5,"seen":{"s:7:13:10:Infinity":0,"f:14:16:14:25":0,"s:23:2:42:Infinity":1,"f:25:16:25:17":1,"s:26:25:26:Infinity":2,"s:27:8:39:Infinity":3,"b:30:32:30:44:30:44:30:Infinity":0,"b:34:25:34:53:34:53:34:Infinity":1,"f:36:21:36:27":2,"s:36:27:36:Infinity":4}}}
,"/home/runner/workspace/client/src/components/ThemeSelect.tsx": {"path":"/home/runner/workspace/client/src/components/ThemeSelect.tsx","statementMap":{"0":{"start":{"line":11,"column":30},"end":{"line":11,"column":null}},"1":{"start":{"line":13,"column":2},"end":{"line":34,"column":null}},"2":{"start":{"line":21,"column":27},"end":{"line":21,"column":null}},"3":{"start":{"line":26,"column":12},"end":{"line":28,"column":null}}},"fnMap":{"0":{"name":"ThemeSelect","decl":{"start":{"line":10,"column":24},"end":{"line":10,"column":36}},"loc":{"start":{"line":10,"column":81},"end":{"line":36,"column":null}},"line":10},"1":{"name":"(anonymous_1)","decl":{"start":{"line":21,"column":20},"end":{"line":21,"column":21}},"loc":{"start":{"line":21,"column":27},"end":{"line":21,"column":null}},"line":21},"2":{"name":"(anonymous_2)","decl":{"start":{"line":25,"column":28},"end":{"line":25,"column":29}},"loc":{"start":{"line":26,"column":12},"end":{"line":28,"column":null}},"line":26}},"branchMap":{"0":{"loc":{"start":{"line":10,"column":55},"end":{"line":10,"column":71}},"type":"default-arg","locations":[{"start":{"line":10,"column":63},"end":{"line":10,"column":71}}],"line":10},"1":{"loc":{"start":{"line":20,"column":17},"end":{"line":20,"column":null}},"type":"binary-expr","locations":[{"start":{"line":20,"column":17},"end":{"line":20,"column":26}},{"start":{"line":20,"column":26},"end":{"line":20,"column":null}}],"line":20},"2":{"loc":{"start":{"line":21,"column":36},"end":{"line":21,"column":74}},"type":"cond-expr","locations":[{"start":{"line":21,"column":53},"end":{"line":21,"column":70}},{"start":{"line":21,"column":70},"end":{"line":21,"column":74}}],"line":21},"3":{"loc":{"start":{"line":25,"column":12},"end":{"line":25,"column":24}},"type":"binary-expr","locations":[{"start":{"line":25,"column":12},"end":{"line":25,"column":20}},{"start":{"line":25,"column":20},"end":{"line":25,"column":24}}],"line":25},"4":{"loc":{"start":{"line":32,"column":9},"end":{"line":32,"column":null}},"type":"cond-expr","locations":[{"start":{"line":32,"column":21},"end":{"line":32,"column":90}},{"start":{"line":32,"column":90},"end":{"line":32,"column":null}}],"line":32}},"s":{"0":0,"1":0,"2":0,"3":0},"f":{"0":0,"1":0,"2":0},"b":{"0":[0],"1":[0,0],"2":[0,0],"3":[0,0],"4":[0,0]},"meta":{"lastBranch":5,"lastFunction":3,"lastStatement":4,"seen":{"f:10:24:10:36":0,"b:10:63:10:71":0,"s:11:30:11:Infinity":0,"s:13:2:34:Infinity":1,"b:20:17:20:26:20:26:20:Infinity":1,"f:21:20:21:21":1,"s:21:27:21:Infinity":2,"b:21:53:21:70:21:70:21:74":2,"b:25:12:25:20:25:20:25:24":3,"f:25:28:25:29":2,"s:26:12:28:Infinity":3,"b:32:21:32:90:32:90:32:Infinity":4}}}
,"/home/runner/workspace/client/src/lib/queryClient.ts": {"path":"/home/runner/workspace/client/src/lib/queryClient.ts","statementMap":{"0":{"start":{"line":4,"column":2},"end":{"line":7,"column":null}},"1":{"start":{"line":5,"column":18},"end":{"line":5,"column":null}},"2":{"start":{"line":6,"column":4},"end":{"line":6,"column":null}},"3":{"start":{"line":15,"column":14},"end":{"line":20,"column":null}},"4":{"start":{"line":22,"column":2},"end":{"line":22,"column":null}},"5":{"start":{"line":23,"column":2},"end":{"line":23,"column":null}},"6":{"start":{"line":30,"column":2},"end":{"line":42,"column":null}},"7":{"start":{"line":31,"column":2},"end":{"line":42,"column":null}},"8":{"start":{"line":32,"column":16},"end":{"line":34,"column":null}},"9":{"start":{"line":36,"column":4},"end":{"line":38,"column":null}},"10":{"start":{"line":37,"column":6},"end":{"line":37,"column":null}},"11":{"start":{"line":40,"column":4},"end":{"line":40,"column":null}},"12":{"start":{"line":41,"column":4},"end":{"line":41,"column":null}},"13":{"start":{"line":44,"column":27},"end":{"line":57,"column":null}}},"fnMap":{"0":{"name":"throwIfResNotOk","decl":{"start":{"line":3,"column":15},"end":{"line":3,"column":31}},"loc":{"start":{"line":3,"column":46},"end":{"line":8,"column":null}},"line":3},"1":{"name":"apiRequest","decl":{"start":{"line":10,"column":22},"end":{"line":10,"column":null}},"loc":{"start":{"line":14,"column":21},"end":{"line":24,"column":null}},"line":14},"2":{"name":"(anonymous_2)","decl":{"start":{"line":30,"column":2},"end":{"line":30,"column":3}},"loc":{"start":{"line":31,"column":2},"end":{"line":42,"column":null}},"line":31},"3":{"name":"(anonymous_3)","decl":{"start":{"line":31,"column":2},"end":{"line":31,"column":9}},"loc":{"start":{"line":31,"column":26},"end":{"line":42,"column":null}},"line":31}},"branchMap":{"0":{"loc":{"start":{"line":4,"column":2},"end":{"line":7,"column":null}},"type":"if","locations":[{"start":{"line":4,"column":2},"end":{"line":7,"column":null}},{"start":{},"end":{}}],"line":4},"1":{"loc":{"start":{"line":5,"column":18},"end":{"line":5,"column":null}},"type":"binary-expr","locations":[{"start":{"line":5,"column":18},"end":{"line":5,"column":39}},{"start":{"line":5,"column":39},"end":{"line":5,"column":null}}],"line":5},"2":{"loc":{"start":{"line":17,"column":13},"end":{"line":17,"column":null}},"type":"cond-expr","locations":[{"start":{"line":17,"column":20},"end":{"line":17,"column":61}},{"start":{"line":17,"column":61},"end":{"line":17,"column":null}}],"line":17},"3":{"loc":{"start":{"line":18,"column":10},"end":{"line":18,"column":null}},"type":"cond-expr","locations":[{"start":{"line":18,"column":17},"end":{"line":18,"column":40}},{"start":{"line":18,"column":40},"end":{"line":18,"column":null}}],"line":18},"4":{"loc":{"start":{"line":36,"column":4},"end":{"line":38,"column":null}},"type":"if","locations":[{"start":{"line":36,"column":4},"end":{"line":38,"column":null}},{"start":{},"end":{}}],"line":36},"5":{"loc":{"start":{"line":36,"column":8},"end":{"line":36,"column":69}},"type":"binary-expr","locations":[{"start":{"line":36,"column":8},"end":{"line":36,"column":49}},{"start":{"line":36,"column":49},"end":{"line":36,"column":69}}],"line":36}},"s":{"0":0,"1":0,"2":0,"3":0,"4":0,"5":0,"6":0,"7":0,"8":0,"9":0,"10":0,"11":0,"12":0,"13":0},"f":{"0":0,"1":0,"2":0,"3":0},"b":{"0":[0,0],"1":[0,0],"2":[0,0],"3":[0,0],"4":[0,0],"5":[0,0]},"meta":{"lastBranch":6,"lastFunction":4,"lastStatement":14,"seen":{"f:3:15:3:31":0,"b:4:2:7:Infinity:undefined:undefined:undefined:undefined":0,"s:4:2:7:Infinity":0,"s:5:18:5:Infinity":1,"b:5:18:5:39:5:39:5:Infinity":1,"s:6:4:6:Infinity":2,"f:10:22:10:Infinity":1,"s:15:14:20:Infinity":3,"b:17:20:17:61:17:61:17:Infinity":2,"b:18:17:18:40:18:40:18:Infinity":3,"s:22:2:22:Infinity":4,"s:23:2:23:Infinity":5,"s:30:2:42:Infinity":6,"f:30:2:30:3":2,"s:31:2:42:Infinity":7,"f:31:2:31:9":3,"s:32:16:34:Infinity":8,"b:36:4:38:Infinity:undefined:undefined:undefined:undefined":4,"s:36:4:38:Infinity":9,"b:36:8:36:49:36:49:36:69":5,"s:37:6:37:Infinity":10,"s:40:4:40:Infinity":11,"s:41:4:41:Infinity":12,"s:44:27:57:Infinity":13}}}
,"/home/runner/workspace/client/src/lib/trpc.ts": {"path":"/home/runner/workspace/client/src/lib/trpc.ts","statementMap":{"0":{"start":{"line":6,"column":13},"end":{"line":6,"column":null}},"1":{"start":{"line":8,"column":26},"end":{"line":15,"column":null}}},"fnMap":{},"branchMap":{},"s":{"0":0,"1":0},"f":{},"b":{},"meta":{"lastBranch":0,"lastFunction":0,"lastStatement":2,"seen":{"s:6:13:6:Infinity":0,"s:8:26:15:Infinity":1}}}
,"/home/runner/workspace/client/src/lib/utils.ts": {"path":"/home/runner/workspace/client/src/lib/utils.ts","statementMap":{"0":{"start":{"line":5,"column":2},"end":{"line":5,"column":null}}},"fnMap":{"0":{"name":"cn","decl":{"start":{"line":4,"column":16},"end":{"line":4,"column":22}},"loc":{"start":{"line":4,"column":44},"end":{"line":6,"column":null}},"line":4}},"branchMap":{},"s":{"0":137},"f":{"0":137},"b":{},"meta":{"lastBranch":0,"lastFunction":1,"lastStatement":1,"seen":{"f:4:16:4:22":0,"s:5:2:5:Infinity":0}}}
,"/home/runner/workspace/client/src/pages/EditSnippetScreen.tsx": {"path":"/home/runner/workspace/client/src/pages/EditSnippetScreen.tsx","statementMap":{"0":{"start":{"line":16,"column":26},"end":{"line":20,"column":null}},"1":{"start":{"line":24,"column":16},"end":{"line":24,"column":null}},"2":{"start":{"line":25,"column":13},"end":{"line":25,"column":null}},"3":{"start":{"line":26,"column":22},"end":{"line":26,"column":null}},"4":{"start":{"line":28,"column":24},"end":{"line":28,"column":null}},"5":{"start":{"line":29,"column":8},"end":{"line":32,"column":null}},"6":{"start":{"line":30,"column":10},"end":{"line":30,"column":null}},"7":{"start":{"line":30,"column":42},"end":{"line":30,"column":53}},"8":{"start":{"line":34,"column":32},"end":{"line":41,"column":null}},"9":{"start":{"line":36,"column":6},"end":{"line":38,"column":null}},"10":{"start":{"line":37,"column":8},"end":{"line":37,"column":null}},"11":{"start":{"line":37,"column":25},"end":{"line":37,"column":59}},"12":{"start":{"line":39,"column":6},"end":{"line":39,"column":null}},"13":{"start":{"line":43,"column":8},"end":{"line":47,"column":null}},"14":{"start":{"line":49,"column":15},"end":{"line":49,"column":null}},"15":{"start":{"line":50,"column":30},"end":{"line":50,"column":null}},"16":{"start":{"line":53,"column":2},"end":{"line":62,"column":null}},"17":{"start":{"line":54,"column":4},"end":{"line":61,"column":null}},"18":{"start":{"line":55,"column":6},"end":{"line":59,"column":null}},"19":{"start":{"line":60,"column":6},"end":{"line":60,"column":null}},"20":{"start":{"line":64,"column":8},"end":{"line":76,"column":null}},"21":{"start":{"line":65,"column":20},"end":{"line":65,"column":null}},"22":{"start":{"line":66,"column":4},"end":{"line":66,"column":null}},"23":{"start":{"line":66,"column":18},"end":{"line":66,"column":null}},"24":{"start":{"line":67,"column":4},"end":{"line":70,"column":null}},"25":{"start":{"line":68,"column":6},"end":{"line":68,"column":null}},"26":{"start":{"line":69,"column":6},"end":{"line":69,"column":null}},"27":{"start":{"line":71,"column":4},"end":{"line":74,"column":null}},"28":{"start":{"line":75,"column":4},"end":{"line":75,"column":null}},"29":{"start":{"line":78,"column":8},"end":{"line":87,"column":null}},"30":{"start":{"line":80,"column":6},"end":{"line":84,"column":null}},"31":{"start":{"line":82,"column":27},"end":{"line":82,"column":44}},"32":{"start":{"line":89,"column":27},"end":{"line":94,"column":null}},"33":{"start":{"line":90,"column":4},"end":{"line":93,"column":null}},"34":{"start":{"line":91,"column":6},"end":{"line":91,"column":null}},"35":{"start":{"line":92,"column":6},"end":{"line":92,"column":null}},"36":{"start":{"line":96,"column":19},"end":{"line":105,"column":null}},"37":{"start":{"line":97,"column":4},"end":{"line":97,"column":null}},"38":{"start":{"line":97,"column":18},"end":{"line":97,"column":null}},"39":{"start":{"line":99,"column":4},"end":{"line":104,"column":null}},"40":{"start":{"line":107,"column":2},"end":{"line":113,"column":null}},"41":{"start":{"line":108,"column":4},"end":{"line":111,"column":null}},"42":{"start":{"line":115,"column":2},"end":{"line":127,"column":null}},"43":{"start":{"line":116,"column":4},"end":{"line":125,"column":null}},"44":{"start":{"line":121,"column":25},"end":{"line":121,"column":null}},"45":{"start":{"line":129,"column":2},"end":{"line":244,"column":null}},"46":{"start":{"line":138,"column":12},"end":{"line":138,"column":null}},"47":{"start":{"line":154,"column":14},"end":{"line":157,"column":null}},"48":{"start":{"line":180,"column":33},"end":{"line":180,"column":null}},"49":{"start":{"line":199,"column":16},"end":{"line":212,"column":null}},"50":{"start":{"line":207,"column":35},"end":{"line":207,"column":null}},"51":{"start":{"line":238,"column":27},"end":{"line":238,"column":null}}},"fnMap":{"0":{"name":"EditSnippetScreen","decl":{"start":{"line":23,"column":24},"end":{"line":23,"column":44}},"loc":{"start":{"line":23,"column":44},"end":{"line":246,"column":null}},"line":23},"1":{"name":"(anonymous_1)","decl":{"start":{"line":30,"column":4},"end":{"line":30,"column":10}},"loc":{"start":{"line":30,"column":10},"end":{"line":30,"column":null}},"line":30},"2":{"name":"(anonymous_2)","decl":{"start":{"line":30,"column":35},"end":{"line":30,"column":36}},"loc":{"start":{"line":30,"column":42},"end":{"line":30,"column":53}},"line":30},"3":{"name":"(anonymous_3)","decl":{"start":{"line":35,"column":15},"end":{"line":35,"column":16}},"loc":{"start":{"line":35,"column":28},"end":{"line":40,"column":null}},"line":35},"4":{"name":"(anonymous_4)","decl":{"start":{"line":36,"column":43},"end":{"line":36,"column":44}},"loc":{"start":{"line":37,"column":8},"end":{"line":37,"column":null}},"line":37},"5":{"name":"(anonymous_5)","decl":{"start":{"line":37,"column":17},"end":{"line":37,"column":18}},"loc":{"start":{"line":37,"column":25},"end":{"line":37,"column":59}},"line":37},"6":{"name":"(anonymous_6)","decl":{"start":{"line":53,"column":12},"end":{"line":53,"column":18}},"loc":{"start":{"line":53,"column":18},"end":{"line":62,"column":5}},"line":53},"7":{"name":"(anonymous_7)","decl":{"start":{"line":64,"column":35},"end":{"line":64,"column":41}},"loc":{"start":{"line":64,"column":41},"end":{"line":76,"column":5}},"line":64},"8":{"name":"(anonymous_8)","decl":{"start":{"line":79,"column":4},"end":{"line":79,"column":5}},"loc":{"start":{"line":79,"column":29},"end":{"line":85,"column":null}},"line":79},"9":{"name":"(anonymous_9)","decl":{"start":{"line":82,"column":20},"end":{"line":82,"column":21}},"loc":{"start":{"line":82,"column":27},"end":{"line":82,"column":44}},"line":82},"10":{"name":"(anonymous_10)","decl":{"start":{"line":89,"column":27},"end":{"line":89,"column":28}},"loc":{"start":{"line":89,"column":73},"end":{"line":94,"column":null}},"line":89},"11":{"name":"(anonymous_11)","decl":{"start":{"line":96,"column":19},"end":{"line":96,"column":20}},"loc":{"start":{"line":96,"column":48},"end":{"line":105,"column":null}},"line":96},"12":{"name":"(anonymous_12)","decl":{"start":{"line":121,"column":19},"end":{"line":121,"column":25}},"loc":{"start":{"line":121,"column":25},"end":{"line":121,"column":null}},"line":121},"13":{"name":"(anonymous_13)","decl":{"start":{"line":137,"column":18},"end":{"line":137,"column":19}},"loc":{"start":{"line":138,"column":12},"end":{"line":138,"column":null}},"line":138},"14":{"name":"(anonymous_14)","decl":{"start":{"line":153,"column":22},"end":{"line":153,"column":23}},"loc":{"start":{"line":154,"column":14},"end":{"line":157,"column":null}},"line":154},"15":{"name":"(anonymous_15)","decl":{"start":{"line":180,"column":26},"end":{"line":180,"column":27}},"loc":{"start":{"line":180,"column":33},"end":{"line":180,"column":null}},"line":180},"16":{"name":"(anonymous_16)","decl":{"start":{"line":198,"column":24},"end":{"line":198,"column":25}},"loc":{"start":{"line":199,"column":16},"end":{"line":212,"column":null}},"line":199},"17":{"name":"(anonymous_17)","decl":{"start":{"line":207,"column":29},"end":{"line":207,"column":35}},"loc":{"start":{"line":207,"column":35},"end":{"line":207,"column":null}},"line":207},"18":{"name":"(anonymous_18)","decl":{"start":{"line":238,"column":21},"end":{"line":238,"column":27}},"loc":{"start":{"line":238,"column":27},"end":{"line":238,"column":null}},"line":238}},"branchMap":{"0":{"loc":{"start":{"line":37,"column":25},"end":{"line":37,"column":59}},"type":"cond-expr","locations":[{"start":{"line":37,"column":47},"end":{"line":37,"column":57}},{"start":{"line":37,"column":57},"end":{"line":37,"column":59}}],"line":37},"1":{"loc":{"start":{"line":54,"column":4},"end":{"line":61,"column":null}},"type":"if","locations":[{"start":{"line":54,"column":4},"end":{"line":61,"column":null}},{"start":{},"end":{}}],"line":54},"2":{"loc":{"start":{"line":56,"column":17},"end":{"line":56,"column":null}},"type":"binary-expr","locations":[{"start":{"line":56,"column":17},"end":{"line":56,"column":36}},{"start":{"line":56,"column":36},"end":{"line":56,"column":null}}],"line":56},"3":{"loc":{"start":{"line":57,"column":14},"end":{"line":57,"column":null}},"type":"cond-expr","locations":[{"start":{"line":57,"column":44},"end":{"line":57,"column":59}},{"start":{"line":57,"column":59},"end":{"line":57,"column":null}}],"line":57},"4":{"loc":{"start":{"line":58,"column":17},"end":{"line":58,"column":null}},"type":"binary-expr","locations":[{"start":{"line":58,"column":17},"end":{"line":58,"column":36}},{"start":{"line":58,"column":36},"end":{"line":58,"column":null}}],"line":58},"5":{"loc":{"start":{"line":66,"column":4},"end":{"line":66,"column":null}},"type":"if","locations":[{"start":{"line":66,"column":4},"end":{"line":66,"column":null}},{"start":{},"end":{}}],"line":66},"6":{"loc":{"start":{"line":67,"column":4},"end":{"line":70,"column":null}},"type":"if","locations":[{"start":{"line":67,"column":4},"end":{"line":70,"column":null}},{"start":{},"end":{}}],"line":67},"7":{"loc":{"start":{"line":90,"column":4},"end":{"line":93,"column":null}},"type":"if","locations":[{"start":{"line":90,"column":4},"end":{"line":93,"column":null}},{"start":{},"end":{}}],"line":90},"8":{"loc":{"start":{"line":97,"column":4},"end":{"line":97,"column":null}},"type":"if","locations":[{"start":{"line":97,"column":4},"end":{"line":97,"column":null}},{"start":{},"end":{}}],"line":97},"9":{"loc":{"start":{"line":107,"column":2},"end":{"line":113,"column":null}},"type":"if","locations":[{"start":{"line":107,"column":2},"end":{"line":113,"column":null}},{"start":{},"end":{}}],"line":107},"10":{"loc":{"start":{"line":115,"column":2},"end":{"line":127,"column":null}},"type":"if","locations":[{"start":{"line":115,"column":2},"end":{"line":127,"column":null}},{"start":{},"end":{}}],"line":115},"11":{"loc":{"start":{"line":161,"column":11},"end":{"line":164,"column":null}},"type":"binary-expr","locations":[{"start":{"line":161,"column":11},"end":{"line":161,"column":null}},{"start":{"line":162,"column":12},"end":{"line":164,"column":null}}],"line":161},"12":{"loc":{"start":{"line":196,"column":11},"end":{"line":218,"column":null}},"type":"cond-expr","locations":[{"start":{"line":197,"column":12},"end":{"line":214,"column":null}},{"start":{"line":216,"column":12},"end":{"line":218,"column":null}}],"line":196},"13":{"loc":{"start":{"line":226,"column":14},"end":{"line":228,"column":null}},"type":"binary-expr","locations":[{"start":{"line":226,"column":14},"end":{"line":226,"column":null}},{"start":{"line":227,"column":14},"end":{"line":227,"column":null}},{"start":{"line":228,"column":14},"end":{"line":228,"column":null}}],"line":226}},"s":{"0":1,"1":16,"2":16,"3":16,"4":16,"5":16,"6":6,"7":5,"8":16,"9":1,"10":1,"11":1,"12":1,"13":16,"14":16,"15":16,"16":16,"17":6,"18":4,"19":4,"20":16,"21":0,"22":0,"23":0,"24":0,"25":0,"26":0,"27":0,"28":0,"29":16,"30":0,"31":0,"32":16,"33":0,"34":0,"35":0,"36":16,"37":0,"38":0,"39":0,"40":16,"41":2,"42":14,"43":2,"44":1,"45":12,"46":12,"47":0,"48":0,"49":6,"50":0,"51":1},"f":{"0":16,"1":6,"2":5,"3":1,"4":1,"5":1,"6":6,"7":0,"8":0,"9":0,"10":0,"11":0,"12":1,"13":12,"14":0,"15":0,"16":6,"17":0,"18":1},"b":{"0":[1,0],"1":[4,2],"2":[4,0],"3":[4,0],"4":[4,4],"5":[0,0],"6":[0,0],"7":[0,0],"8":[0,0],"9":[2,14],"10":[2,12],"11":[12,0],"12":[4,8],"13":[16,9,0]},"meta":{"lastBranch":14,"lastFunction":19,"lastStatement":52,"seen":{"s:16:26:20:Infinity":0,"f:23:24:23:44":0,"s:24:16:24:Infinity":1,"s:25:13:25:Infinity":2,"s:26:22:26:Infinity":3,"s:28:24:28:Infinity":4,"s:29:8:32:Infinity":5,"f:30:4:30:10":1,"s:30:10:30:Infinity":6,"f:30:35:30:36":2,"s:30:42:30:53":7,"s:34:32:41:Infinity":8,"f:35:15:35:16":3,"s:36:6:38:Infinity":9,"f:36:43:36:44":4,"s:37:8:37:Infinity":10,"f:37:17:37:18":5,"s:37:25:37:59":11,"b:37:47:37:57:37:57:37:59":0,"s:39:6:39:Infinity":12,"s:43:8:47:Infinity":13,"s:49:15:49:Infinity":14,"s:50:30:50:Infinity":15,"s:53:2:62:Infinity":16,"f:53:12:53:18":6,"b:54:4:61:Infinity:undefined:undefined:undefined:undefined":1,"s:54:4:61:Infinity":17,"s:55:6:59:Infinity":18,"b:56:17:56:36:56:36:56:Infinity":2,"b:57:44:57:59:57:59:57:Infinity":3,"b:58:17:58:36:58:36:58:Infinity":4,"s:60:6:60:Infinity":19,"s:64:8:76:Infinity":20,"f:64:35:64:41":7,"s:65:20:65:Infinity":21,"b:66:4:66:Infinity:undefined:undefined:undefined:undefined":5,"s:66:4:66:Infinity":22,"s:66:18:66:Infinity":23,"b:67:4:70:Infinity:undefined:undefined:undefined:undefined":6,"s:67:4:70:Infinity":24,"s:68:6:68:Infinity":25,"s:69:6:69:Infinity":26,"s:71:4:74:Infinity":27,"s:75:4:75:Infinity":28,"s:78:8:87:Infinity":29,"f:79:4:79:5":8,"s:80:6:84:Infinity":30,"f:82:20:82:21":9,"s:82:27:82:44":31,"s:89:27:94:Infinity":32,"f:89:27:89:28":10,"b:90:4:93:Infinity:undefined:undefined:undefined:undefined":7,"s:90:4:93:Infinity":33,"s:91:6:91:Infinity":34,"s:92:6:92:Infinity":35,"s:96:19:105:Infinity":36,"f:96:19:96:20":11,"b:97:4:97:Infinity:undefined:undefined:undefined:undefined":8,"s:97:4:97:Infinity":37,"s:97:18:97:Infinity":38,"s:99:4:104:Infinity":39,"b:107:2:113:Infinity:undefined:undefined:undefined:undefined":9,"s:107:2:113:Infinity":40,"s:108:4:111:Infinity":41,"b:115:2:127:Infinity:undefined:undefined:undefined:undefined":10,"s:115:2:127:Infinity":42,"s:116:4:125:Infinity":43,"f:121:19:121:25":12,"s:121:25:121:Infinity":44,"s:129:2:244:Infinity":45,"f:137:18:137:19":13,"s:138:12:138:Infinity":46,"f:153:22:153:23":14,"s:154:14:157:Infinity":47,"b:161:11:161:Infinity:162:12:164:Infinity":11,"f:180:26:180:27":15,"s:180:33:180:Infinity":48,"b:197:12:214:Infinity:216:12:218:Infinity":12,"f:198:24:198:25":16,"s:199:16:212:Infinity":49,"f:207:29:207:35":17,"s:207:35:207:Infinity":50,"b:226:14:226:Infinity:227:14:227:Infinity:228:14:228:Infinity":13,"f:238:21:238:27":18,"s:238:27:238:Infinity":51}}}
,"/home/runner/workspace/client/src/pages/RecentSourcesScreen.tsx": {"path":"/home/runner/workspace/client/src/pages/RecentSourcesScreen.tsx","statementMap":{"0":{"start":{"line":6,"column":16},"end":{"line":6,"column":null}},"1":{"start":{"line":8,"column":21},"end":{"line":11,"column":null}},"2":{"start":{"line":13,"column":26},"end":{"line":17,"column":null}},"3":{"start":{"line":15,"column":6},"end":{"line":15,"column":null}},"4":{"start":{"line":19,"column":26},"end":{"line":23,"column":null}},"5":{"start":{"line":21,"column":6},"end":{"line":21,"column":null}},"6":{"start":{"line":25,"column":8},"end":{"line":25,"column":null}},"7":{"start":{"line":25,"column":29},"end":{"line":25,"column":52}},"8":{"start":{"line":27,"column":2},"end":{"line":129,"column":null}},"9":{"start":{"line":39,"column":25},"end":{"line":39,"column":null}},"10":{"start":{"line":60,"column":31},"end":{"line":60,"column":null}},"11":{"start":{"line":62,"column":14},"end":{"line":123,"column":null}},"12":{"start":{"line":113,"column":39},"end":{"line":113,"column":null}}},"fnMap":{"0":{"name":"RecentSourcesScreen","decl":{"start":{"line":5,"column":24},"end":{"line":5,"column":46}},"loc":{"start":{"line":5,"column":46},"end":{"line":131,"column":null}},"line":5},"1":{"name":"(anonymous_1)","decl":{"start":{"line":14,"column":15},"end":{"line":14,"column":27}},"loc":{"start":{"line":14,"column":27},"end":{"line":16,"column":null}},"line":14},"2":{"name":"(anonymous_2)","decl":{"start":{"line":20,"column":15},"end":{"line":20,"column":27}},"loc":{"start":{"line":20,"column":27},"end":{"line":22,"column":null}},"line":20},"3":{"name":"(anonymous_3)","decl":{"start":{"line":25,"column":23},"end":{"line":25,"column":29}},"loc":{"start":{"line":25,"column":29},"end":{"line":25,"column":52}},"line":25},"4":{"name":"(anonymous_4)","decl":{"start":{"line":39,"column":19},"end":{"line":39,"column":25}},"loc":{"start":{"line":39,"column":25},"end":{"line":39,"column":null}},"line":39},"5":{"name":"(anonymous_5)","decl":{"start":{"line":59,"column":22},"end":{"line":59,"column":23}},"loc":{"start":{"line":59,"column":30},"end":{"line":125,"column":13}},"line":59},"6":{"name":"(anonymous_6)","decl":{"start":{"line":113,"column":33},"end":{"line":113,"column":39}},"loc":{"start":{"line":113,"column":39},"end":{"line":113,"column":null}},"line":113}},"branchMap":{"0":{"loc":{"start":{"line":25,"column":29},"end":{"line":25,"column":52}},"type":"binary-expr","locations":[{"start":{"line":25,"column":29},"end":{"line":25,"column":48}},{"start":{"line":25,"column":48},"end":{"line":25,"column":52}}],"line":25},"1":{"loc":{"start":{"line":42,"column":11},"end":{"line":42,"column":null}},"type":"cond-expr","locations":[{"start":{"line":42,"column":39},"end":{"line":42,"column":55}},{"start":{"line":42,"column":55},"end":{"line":42,"column":null}}],"line":42},"2":{"loc":{"start":{"line":47,"column":9},"end":{"line":126,"column":null}},"type":"cond-expr","locations":[{"start":{"line":48,"column":10},"end":{"line":48,"column":null}},{"start":{"line":49,"column":12},"end":{"line":126,"column":null}}],"line":47},"3":{"loc":{"start":{"line":49,"column":12},"end":{"line":126,"column":null}},"type":"cond-expr","locations":[{"start":{"line":50,"column":10},"end":{"line":52,"column":null}},{"start":{"line":53,"column":12},"end":{"line":126,"column":null}}],"line":49},"4":{"loc":{"start":{"line":51,"column":29},"end":{"line":51,"column":null}},"type":"binary-expr","locations":[{"start":{"line":51,"column":29},"end":{"line":51,"column":58}},{"start":{"line":51,"column":58},"end":{"line":51,"column":null}}],"line":51},"5":{"loc":{"start":{"line":53,"column":12},"end":{"line":126,"column":null}},"type":"cond-expr","locations":[{"start":{"line":54,"column":10},"end":{"line":56,"column":null}},{"start":{"line":58,"column":10},"end":{"line":126,"column":null}}],"line":53},"6":{"loc":{"start":{"line":70,"column":25},"end":{"line":73,"column":null}},"type":"binary-expr","locations":[{"start":{"line":70,"column":25},"end":{"line":70,"column":null}},{"start":{"line":71,"column":26},"end":{"line":73,"column":null}}],"line":70},"7":{"loc":{"start":{"line":87,"column":23},"end":{"line":91,"column":null}},"type":"cond-expr","locations":[{"start":{"line":88,"column":24},"end":{"line":90,"column":null}},{"start":{"line":91,"column":26},"end":{"line":91,"column":null}}],"line":87},"8":{"loc":{"start":{"line":94,"column":25},"end":{"line":96,"column":null}},"type":"cond-expr","locations":[{"start":{"line":95,"column":28},"end":{"line":95,"column":null}},{"start":{"line":96,"column":28},"end":{"line":96,"column":null}}],"line":94},"9":{"loc":{"start":{"line":101,"column":23},"end":{"line":108,"column":null}},"type":"cond-expr","locations":[{"start":{"line":102,"column":24},"end":{"line":107,"column":null}},{"start":{"line":108,"column":26},"end":{"line":108,"column":null}}],"line":101},"10":{"loc":{"start":{"line":112,"column":34},"end":{"line":112,"column":null}},"type":"binary-expr","locations":[{"start":{"line":112,"column":34},"end":{"line":112,"column":46}},{"start":{"line":112,"column":46},"end":{"line":112,"column":null}}],"line":112},"11":{"loc":{"start":{"line":115,"column":25},"end":{"line":119,"column":null}},"type":"cond-expr","locations":[{"start":{"line":116,"column":28},"end":{"line":116,"column":null}},{"start":{"line":117,"column":28},"end":{"line":119,"column":null}}],"line":115},"12":{"loc":{"start":{"line":117,"column":28},"end":{"line":119,"column":null}},"type":"cond-expr","locations":[{"start":{"line":118,"column":28},"end":{"line":118,"column":null}},{"start":{"line":119,"column":28},"end":{"line":119,"column":null}}],"line":117}},"s":{"0":0,"1":0,"2":0,"3":0,"4":0,"5":0,"6":0,"7":0,"8":0,"9":0,"10":0,"11":0,"12":0},"f":{"0":0,"1":0,"2":0,"3":0,"4":0,"5":0,"6":0},"b":{"0":[0,0],"1":[0,0],"2":[0,0],"3":[0,0],"4":[0,0],"5":[0,0],"6":[0,0],"7":[0,0],"8":[0,0],"9":[0,0],"10":[0,0],"11":[0,0],"12":[0,0]},"meta":{"lastBranch":13,"lastFunction":7,"lastStatement":13,"seen":{"f:5:24:5:46":0,"s:6:16:6:Infinity":0,"s:8:21:11:Infinity":1,"s:13:26:17:Infinity":2,"f:14:15:14:27":1,"s:15:6:15:Infinity":3,"s:19:26:23:Infinity":4,"f:20:15:20:27":2,"s:21:6:21:Infinity":5,"s:25:8:25:Infinity":6,"f:25:23:25:29":3,"s:25:29:25:52":7,"b:25:29:25:48:25:48:25:52":0,"s:27:2:129:Infinity":8,"f:39:19:39:25":4,"s:39:25:39:Infinity":9,"b:42:39:42:55:42:55:42:Infinity":1,"b:48:10:48:Infinity:49:12:126:Infinity":2,"b:50:10:52:Infinity:53:12:126:Infinity":3,"b:51:29:51:58:51:58:51:Infinity":4,"b:54:10:56:Infinity:58:10:126:Infinity":5,"f:59:22:59:23":5,"s:60:31:60:Infinity":10,"s:62:14:123:Infinity":11,"b:70:25:70:Infinity:71:26:73:Infinity":6,"b:88:24:90:Infinity:91:26:91:Infinity":7,"b:95:28:95:Infinity:96:28:96:Infinity":8,"b:102:24:107:Infinity:108:26:108:Infinity":9,"b:112:34:112:46:112:46:112:Infinity":10,"f:113:33:113:39":6,"s:113:39:113:Infinity":12,"b:116:28:116:Infinity:117:28:119:Infinity":11,"b:118:28:118:Infinity:119:28:119:Infinity":12}}}
,"/home/runner/workspace/client/src/pages/SnippetViewScreen.tsx": {"path":"/home/runner/workspace/client/src/pages/SnippetViewScreen.tsx","statementMap":{"0":{"start":{"line":6,"column":15},"end":{"line":6,"column":null}},"1":{"start":{"line":7,"column":2},"end":{"line":7,"column":null}},"2":{"start":{"line":11,"column":17},"end":{"line":11,"column":null}},"3":{"start":{"line":12,"column":13},"end":{"line":12,"column":null}},"4":{"start":{"line":14,"column":39},"end":{"line":17,"column":null}},"5":{"start":{"line":19,"column":2},"end":{"line":28,"column":null}},"6":{"start":{"line":20,"column":4},"end":{"line":26,"column":null}},"7":{"start":{"line":30,"column":2},"end":{"line":41,"column":null}},"8":{"start":{"line":31,"column":4},"end":{"line":39,"column":null}},"9":{"start":{"line":43,"column":2},"end":{"line":99,"column":null}},"10":{"start":{"line":85,"column":10},"end":{"line":91,"column":null}}},"fnMap":{"0":{"name":"formatDate","decl":{"start":{"line":5,"column":9},"end":{"line":5,"column":20}},"loc":{"start":{"line":5,"column":38},"end":{"line":8,"column":null}},"line":5},"1":{"name":"SnippetViewScreen","decl":{"start":{"line":10,"column":24},"end":{"line":10,"column":44}},"loc":{"start":{"line":10,"column":44},"end":{"line":101,"column":null}},"line":10},"2":{"name":"(anonymous_2)","decl":{"start":{"line":84,"column":31},"end":{"line":84,"column":32}},"loc":{"start":{"line":85,"column":10},"end":{"line":91,"column":null}},"line":85}},"branchMap":{"0":{"loc":{"start":{"line":6,"column":15},"end":{"line":6,"column":null}},"type":"cond-expr","locations":[{"start":{"line":6,"column":39},"end":{"line":6,"column":53}},{"start":{"line":6,"column":53},"end":{"line":6,"column":null}}],"line":6},"1":{"loc":{"start":{"line":12,"column":13},"end":{"line":12,"column":null}},"type":"binary-expr","locations":[{"start":{"line":12,"column":13},"end":{"line":12,"column":27}},{"start":{"line":12,"column":27},"end":{"line":12,"column":null}}],"line":12},"2":{"loc":{"start":{"line":19,"column":2},"end":{"line":28,"column":null}},"type":"if","locations":[{"start":{"line":19,"column":2},"end":{"line":28,"column":null}},{"start":{},"end":{}}],"line":19},"3":{"loc":{"start":{"line":30,"column":2},"end":{"line":41,"column":null}},"type":"if","locations":[{"start":{"line":30,"column":2},"end":{"line":41,"column":null}},{"start":{},"end":{}}],"line":30},"4":{"loc":{"start":{"line":30,"column":6},"end":{"line":30,"column":24}},"type":"binary-expr","locations":[{"start":{"line":30,"column":6},"end":{"line":30,"column":17}},{"start":{"line":30,"column":17},"end":{"line":30,"column":24}}],"line":30},"5":{"loc":{"start":{"line":60,"column":13},"end":{"line":60,"column":null}},"type":"cond-expr","locations":[{"start":{"line":60,"column":30},"end":{"line":60,"column":75}},{"start":{"line":60,"column":75},"end":{"line":60,"column":null}}],"line":60},"6":{"loc":{"start":{"line":84,"column":10},"end":{"line":84,"column":27}},"type":"binary-expr","locations":[{"start":{"line":84,"column":10},"end":{"line":84,"column":23}},{"start":{"line":84,"column":23},"end":{"line":84,"column":27}}],"line":84}},"s":{"0":3,"1":3,"2":5,"3":5,"4":5,"5":5,"6":1,"7":4,"8":2,"9":2,"10":2},"f":{"0":3,"1":5,"2":2},"b":{"0":[0,3],"1":[5,1],"2":[1,4],"3":[2,2],"4":[4,3],"5":[1,1],"6":[5,0]},"meta":{"lastBranch":7,"lastFunction":3,"lastStatement":11,"seen":{"f:5:9:5:20":0,"s:6:15:6:Infinity":0,"b:6:39:6:53:6:53:6:Infinity":0,"s:7:2:7:Infinity":1,"f:10:24:10:44":1,"s:11:17:11:Infinity":2,"s:12:13:12:Infinity":3,"b:12:13:12:27:12:27:12:Infinity":1,"s:14:39:17:Infinity":4,"b:19:2:28:Infinity:undefined:undefined:undefined:undefined":2,"s:19:2:28:Infinity":5,"s:20:4:26:Infinity":6,"b:30:2:41:Infinity:undefined:undefined:undefined:undefined":3,"s:30:2:41:Infinity":7,"b:30:6:30:17:30:17:30:24":4,"s:31:4:39:Infinity":8,"s:43:2:99:Infinity":9,"b:60:30:60:75:60:75:60:Infinity":5,"b:84:10:84:23:84:23:84:27":6,"f:84:31:84:32":2,"s:85:10:91:Infinity":10}}}
,"/home/runner/workspace/client/src/pages/TagsScreen.tsx": {"path":"/home/runner/workspace/client/src/pages/TagsScreen.tsx","statementMap":{"0":{"start":{"line":8,"column":46},"end":{"line":8,"column":null}},"1":{"start":{"line":9,"column":16},"end":{"line":9,"column":null}},"2":{"start":{"line":10,"column":22},"end":{"line":10,"column":null}},"3":{"start":{"line":12,"column":8},"end":{"line":27,"column":null}},"4":{"start":{"line":13,"column":17},"end":{"line":13,"column":null}},"5":{"start":{"line":14,"column":18},"end":{"line":14,"column":null}},"6":{"start":{"line":16,"column":21},"end":{"line":18,"column":null}},"7":{"start":{"line":17,"column":27},"end":{"line":17,"column":62}},"8":{"start":{"line":20,"column":19},"end":{"line":24,"column":null}},"9":{"start":{"line":21,"column":6},"end":{"line":21,"column":null}},"10":{"start":{"line":21,"column":28},"end":{"line":21,"column":null}},"11":{"start":{"line":23,"column":6},"end":{"line":23,"column":null}},"12":{"start":{"line":26,"column":4},"end":{"line":26,"column":null}},"13":{"start":{"line":29,"column":2},"end":{"line":88,"column":null}},"14":{"start":{"line":43,"column":29},"end":{"line":43,"column":null}},"15":{"start":{"line":54,"column":29},"end":{"line":54,"column":null}},"16":{"start":{"line":73,"column":14},"end":{"line":83,"column":null}}},"fnMap":{"0":{"name":"TagsScreen","decl":{"start":{"line":7,"column":24},"end":{"line":7,"column":37}},"loc":{"start":{"line":7,"column":37},"end":{"line":90,"column":null}},"line":7},"1":{"name":"(anonymous_1)","decl":{"start":{"line":12,"column":23},"end":{"line":12,"column":29}},"loc":{"start":{"line":12,"column":29},"end":{"line":27,"column":5}},"line":12},"2":{"name":"(anonymous_2)","decl":{"start":{"line":17,"column":20},"end":{"line":17,"column":21}},"loc":{"start":{"line":17,"column":27},"end":{"line":17,"column":62}},"line":17},"3":{"name":"(anonymous_3)","decl":{"start":{"line":20,"column":38},"end":{"line":20,"column":39}},"loc":{"start":{"line":20,"column":48},"end":{"line":24,"column":5}},"line":20},"4":{"name":"(anonymous_4)","decl":{"start":{"line":43,"column":22},"end":{"line":43,"column":23}},"loc":{"start":{"line":43,"column":29},"end":{"line":43,"column":null}},"line":43},"5":{"name":"(anonymous_5)","decl":{"start":{"line":54,"column":22},"end":{"line":54,"column":23}},"loc":{"start":{"line":54,"column":29},"end":{"line":54,"column":null}},"line":54},"6":{"name":"(anonymous_6)","decl":{"start":{"line":72,"column":22},"end":{"line":72,"column":23}},"loc":{"start":{"line":73,"column":14},"end":{"line":83,"column":null}},"line":73}},"branchMap":{"0":{"loc":{"start":{"line":13,"column":17},"end":{"line":13,"column":null}},"type":"binary-expr","locations":[{"start":{"line":13,"column":17},"end":{"line":13,"column":25}},{"start":{"line":13,"column":25},"end":{"line":13,"column":null}}],"line":13},"1":{"loc":{"start":{"line":16,"column":21},"end":{"line":18,"column":null}},"type":"cond-expr","locations":[{"start":{"line":17,"column":8},"end":{"line":17,"column":null}},{"start":{"line":18,"column":8},"end":{"line":18,"column":null}}],"line":16},"2":{"loc":{"start":{"line":21,"column":6},"end":{"line":21,"column":null}},"type":"if","locations":[{"start":{"line":21,"column":6},"end":{"line":21,"column":null}},{"start":{},"end":{}}],"line":21},"3":{"loc":{"start":{"line":23,"column":13},"end":{"line":23,"column":null}},"type":"binary-expr","locations":[{"start":{"line":23,"column":13},"end":{"line":23,"column":34}},{"start":{"line":23,"column":34},"end":{"line":23,"column":null}}],"line":23},"4":{"loc":{"start":{"line":60,"column":9},"end":{"line":85,"column":null}},"type":"cond-expr","locations":[{"start":{"line":61,"column":10},"end":{"line":61,"column":null}},{"start":{"line":62,"column":12},"end":{"line":85,"column":null}}],"line":60},"5":{"loc":{"start":{"line":62,"column":12},"end":{"line":85,"column":null}},"type":"cond-expr","locations":[{"start":{"line":63,"column":10},"end":{"line":65,"column":null}},{"start":{"line":66,"column":12},"end":{"line":85,"column":null}}],"line":62},"6":{"loc":{"start":{"line":64,"column":34},"end":{"line":64,"column":null}},"type":"binary-expr","locations":[{"start":{"line":64,"column":34},"end":{"line":64,"column":52}},{"start":{"line":64,"column":52},"end":{"line":64,"column":null}}],"line":64},"7":{"loc":{"start":{"line":66,"column":12},"end":{"line":85,"column":null}},"type":"cond-expr","locations":[{"start":{"line":67,"column":10},"end":{"line":69,"column":null}},{"start":{"line":71,"column":10},"end":{"line":85,"column":null}}],"line":66},"8":{"loc":{"start":{"line":81,"column":36},"end":{"line":81,"column":null}},"type":"cond-expr","locations":[{"start":{"line":81,"column":52},"end":{"line":81,"column":57}},{"start":{"line":81,"column":57},"end":{"line":81,"column":null}}],"line":81}},"s":{"0":0,"1":0,"2":0,"3":0,"4":0,"5":0,"6":0,"7":0,"8":0,"9":0,"10":0,"11":0,"12":0,"13":0,"14":0,"15":0,"16":0},"f":{"0":0,"1":0,"2":0,"3":0,"4":0,"5":0,"6":0},"b":{"0":[0,0],"1":[0,0],"2":[0,0],"3":[0,0],"4":[0,0],"5":[0,0],"6":[0,0],"7":[0,0],"8":[0,0]},"meta":{"lastBranch":9,"lastFunction":7,"lastStatement":17,"seen":{"f:7:24:7:37":0,"s:8:46:8:Infinity":0,"s:9:16:9:Infinity":1,"s:10:22:10:Infinity":2,"s:12:8:27:Infinity":3,"f:12:23:12:29":1,"s:13:17:13:Infinity":4,"b:13:17:13:25:13:25:13:Infinity":0,"s:14:18:14:Infinity":5,"s:16:21:18:Infinity":6,"b:17:8:17:Infinity:18:8:18:Infinity":1,"f:17:20:17:21":2,"s:17:27:17:62":7,"s:20:19:24:Infinity":8,"f:20:38:20:39":3,"b:21:6:21:Infinity:undefined:undefined:undefined:undefined":2,"s:21:6:21:Infinity":9,"s:21:28:21:Infinity":10,"s:23:6:23:Infinity":11,"b:23:13:23:34:23:34:23:Infinity":3,"s:26:4:26:Infinity":12,"s:29:2:88:Infinity":13,"f:43:22:43:23":4,"s:43:29:43:Infinity":14,"f:54:22:54:23":5,"s:54:29:54:Infinity":15,"b:61:10:61:Infinity:62:12:85:Infinity":4,"b:63:10:65:Infinity:66:12:85:Infinity":5,"b:64:34:64:52:64:52:64:Infinity":6,"b:67:10:69:Infinity:71:10:85:Infinity":7,"f:72:22:72:23":6,"s:73:14:83:Infinity":16,"b:81:52:81:57:81:57:81:Infinity":8}}}
,"/home/runner/workspace/client/src/pages/ThemeCreateScreen.tsx": {"path":"/home/runner/workspace/client/src/pages/ThemeCreateScreen.tsx","statementMap":{"0":{"start":{"line":18,"column":26},"end":{"line":23,"column":null}},"1":{"start":{"line":28,"column":22},"end":{"line":28,"column":null}},"2":{"start":{"line":31,"column":8},"end":{"line":39,"column":null}},"3":{"start":{"line":41,"column":22},"end":{"line":56,"column":null}},"4":{"start":{"line":46,"column":6},"end":{"line":47,"column":null}},"5":{"start":{"line":46,"column":23},"end":{"line":46,"column":null}},"6":{"start":{"line":47,"column":11},"end":{"line":47,"column":null}},"7":{"start":{"line":58,"column":19},"end":{"line":58,"column":null}},"8":{"start":{"line":61,"column":4},"end":{"line":65,"column":null}},"9":{"start":{"line":68,"column":2},"end":{"line":176,"column":null}},"10":{"start":{"line":83,"column":27},"end":{"line":83,"column":null}},"11":{"start":{"line":155,"column":33},"end":{"line":155,"column":null}}},"fnMap":{"0":{"name":"ThemeCreateScreen","decl":{"start":{"line":27,"column":24},"end":{"line":27,"column":44}},"loc":{"start":{"line":27,"column":44},"end":{"line":178,"column":null}},"line":27},"1":{"name":"(anonymous_1)","decl":{"start":{"line":42,"column":15},"end":{"line":42,"column":16}},"loc":{"start":{"line":42,"column":28},"end":{"line":48,"column":null}},"line":42},"2":{"name":"(anonymous_2)","decl":{"start":{"line":49,"column":13},"end":{"line":49,"column":14}},"loc":{"start":{"line":49,"column":22},"end":{"line":55,"column":null}},"line":49},"3":{"name":"onSubmit","decl":{"start":{"line":60,"column":11},"end":{"line":60,"column":20}},"loc":{"start":{"line":60,"column":47},"end":{"line":66,"column":null}},"line":60},"4":{"name":"(anonymous_4)","decl":{"start":{"line":83,"column":21},"end":{"line":83,"column":27}},"loc":{"start":{"line":83,"column":27},"end":{"line":83,"column":null}},"line":83},"5":{"name":"(anonymous_5)","decl":{"start":{"line":155,"column":27},"end":{"line":155,"column":33}},"loc":{"start":{"line":155,"column":33},"end":{"line":155,"column":null}},"line":155}},"branchMap":{"0":{"loc":{"start":{"line":46,"column":6},"end":{"line":47,"column":null}},"type":"if","locations":[{"start":{"line":46,"column":6},"end":{"line":47,"column":null}},{"start":{"line":47,"column":11},"end":{"line":47,"column":null}}],"line":46},"1":{"loc":{"start":{"line":63,"column":19},"end":{"line":63,"column":null}},"type":"binary-expr","locations":[{"start":{"line":63,"column":19},"end":{"line":63,"column":49}},{"start":{"line":63,"column":49},"end":{"line":63,"column":null}}],"line":63},"2":{"loc":{"start":{"line":64,"column":14},"end":{"line":64,"column":null}},"type":"binary-expr","locations":[{"start":{"line":64,"column":14},"end":{"line":64,"column":39}},{"start":{"line":64,"column":39},"end":{"line":64,"column":null}}],"line":64},"3":{"loc":{"start":{"line":108,"column":17},"end":{"line":112,"column":null}},"type":"cond-expr","locations":[{"start":{"line":109,"column":18},"end":{"line":111,"column":null}},{"start":{"line":112,"column":20},"end":{"line":112,"column":null}}],"line":108},"4":{"loc":{"start":{"line":123,"column":17},"end":{"line":127,"column":null}},"type":"cond-expr","locations":[{"start":{"line":124,"column":18},"end":{"line":126,"column":null}},{"start":{"line":127,"column":20},"end":{"line":127,"column":null}}],"line":123},"5":{"loc":{"start":{"line":139,"column":17},"end":{"line":146,"column":null}},"type":"cond-expr","locations":[{"start":{"line":140,"column":18},"end":{"line":142,"column":null}},{"start":{"line":144,"column":18},"end":{"line":146,"column":null}}],"line":139},"6":{"loc":{"start":{"line":162,"column":19},"end":{"line":162,"column":74}},"type":"cond-expr","locations":[{"start":{"line":162,"column":30},"end":{"line":162,"column":69}},{"start":{"line":162,"column":69},"end":{"line":162,"column":74}}],"line":162}},"s":{"0":0,"1":0,"2":0,"3":0,"4":0,"5":0,"6":0,"7":0,"8":0,"9":0,"10":0,"11":0},"f":{"0":0,"1":0,"2":0,"3":0,"4":0,"5":0},"b":{"0":[0,0],"1":[0,0],"2":[0,0],"3":[0,0],"4":[0,0],"5":[0,0],"6":[0,0]},"meta":{"lastBranch":7,"lastFunction":6,"lastStatement":12,"seen":{"s:18:26:23:Infinity":0,"f:27:24:27:44":0,"s:28:22:28:Infinity":1,"s:31:8:39:Infinity":2,"s:41:22:56:Infinity":3,"f:42:15:42:16":1,"b:46:6:47:Infinity:47:11:47:Infinity":0,"s:46:6:47:Infinity":4,"s:46:23:46:Infinity":5,"s:47:11:47:Infinity":6,"f:49:13:49:14":2,"s:58:19:58:Infinity":7,"f:60:11:60:20":3,"s:61:4:65:Infinity":8,"b:63:19:63:49:63:49:63:Infinity":1,"b:64:14:64:39:64:39:64:Infinity":2,"s:68:2:176:Infinity":9,"f:83:21:83:27":4,"s:83:27:83:Infinity":10,"b:109:18:111:Infinity:112:20:112:Infinity":3,"b:124:18:126:Infinity:127:20:127:Infinity":4,"b:140:18:142:Infinity:144:18:146:Infinity":5,"f:155:27:155:33":5,"s:155:33:155:Infinity":11,"b:162:30:162:69:162:69:162:74":6}}}
,"/home/runner/workspace/client/src/pages/ThemeViewScreen.tsx": {"path":"/home/runner/workspace/client/src/pages/ThemeViewScreen.tsx","statementMap":{"0":{"start":{"line":6,"column":2},"end":{"line":6,"column":null}},"1":{"start":{"line":6,"column":10},"end":{"line":6,"column":null}},"2":{"start":{"line":7,"column":13},"end":{"line":7,"column":null}},"3":{"start":{"line":8,"column":2},"end":{"line":8,"column":null}},"4":{"start":{"line":12,"column":17},"end":{"line":12,"column":null}},"5":{"start":{"line":13,"column":13},"end":{"line":13,"column":null}},"6":{"start":{"line":15,"column":21},"end":{"line":15,"column":null}},"7":{"start":{"line":16,"column":24},"end":{"line":16,"column":null}},"8":{"start":{"line":21,"column":2},"end":{"line":28,"column":null}},"9":{"start":{"line":22,"column":4},"end":{"line":26,"column":null}},"10":{"start":{"line":30,"column":2},"end":{"line":36,"column":null}},"11":{"start":{"line":31,"column":4},"end":{"line":34,"column":null}},"12":{"start":{"line":38,"column":16},"end":{"line":38,"column":null}},"13":{"start":{"line":39,"column":2},"end":{"line":45,"column":null}},"14":{"start":{"line":40,"column":4},"end":{"line":43,"column":null}},"15":{"start":{"line":47,"column":22},"end":{"line":47,"column":null}},"16":{"start":{"line":48,"column":24},"end":{"line":48,"column":null}},"17":{"start":{"line":48,"column":55},"end":{"line":48,"column":77}},"18":{"start":{"line":50,"column":2},"end":{"line":122,"column":null}},"19":{"start":{"line":100,"column":42},"end":{"line":100,"column":89}},"20":{"start":{"line":103,"column":18},"end":{"line":110,"column":null}}},"fnMap":{"0":{"name":"fmtDate","decl":{"start":{"line":5,"column":9},"end":{"line":5,"column":17}},"loc":{"start":{"line":5,"column":34},"end":{"line":9,"column":null}},"line":5},"1":{"name":"ThemeViewScreen","decl":{"start":{"line":11,"column":24},"end":{"line":11,"column":42}},"loc":{"start":{"line":11,"column":42},"end":{"line":124,"column":null}},"line":11},"2":{"name":"(anonymous_2)","decl":{"start":{"line":48,"column":43},"end":{"line":48,"column":44}},"loc":{"start":{"line":48,"column":55},"end":{"line":48,"column":77}},"line":48},"3":{"name":"(anonymous_3)","decl":{"start":{"line":100,"column":22},"end":{"line":100,"column":23}},"loc":{"start":{"line":100,"column":42},"end":{"line":100,"column":89}},"line":100},"4":{"name":"(anonymous_4)","decl":{"start":{"line":102,"column":21},"end":{"line":102,"column":22}},"loc":{"start":{"line":103,"column":18},"end":{"line":110,"column":null}},"line":103}},"branchMap":{"0":{"loc":{"start":{"line":6,"column":2},"end":{"line":6,"column":null}},"type":"if","locations":[{"start":{"line":6,"column":2},"end":{"line":6,"column":null}},{"start":{},"end":{}}],"line":6},"1":{"loc":{"start":{"line":7,"column":13},"end":{"line":7,"column":null}},"type":"cond-expr","locations":[{"start":{"line":7,"column":37},"end":{"line":7,"column":51}},{"start":{"line":7,"column":51},"end":{"line":7,"column":null}}],"line":7},"2":{"loc":{"start":{"line":8,"column":9},"end":{"line":8,"column":null}},"type":"cond-expr","locations":[{"start":{"line":8,"column":31},"end":{"line":8,"column":37}},{"start":{"line":8,"column":37},"end":{"line":8,"column":null}}],"line":8},"3":{"loc":{"start":{"line":13,"column":13},"end":{"line":13,"column":null}},"type":"binary-expr","locations":[{"start":{"line":13,"column":13},"end":{"line":13,"column":27}},{"start":{"line":13,"column":27},"end":{"line":13,"column":null}}],"line":13},"4":{"loc":{"start":{"line":21,"column":2},"end":{"line":28,"column":null}},"type":"if","locations":[{"start":{"line":21,"column":2},"end":{"line":28,"column":null}},{"start":{},"end":{}}],"line":21},"5":{"loc":{"start":{"line":30,"column":2},"end":{"line":36,"column":null}},"type":"if","locations":[{"start":{"line":30,"column":2},"end":{"line":36,"column":null}},{"start":{},"end":{}}],"line":30},"6":{"loc":{"start":{"line":39,"column":2},"end":{"line":45,"column":null}},"type":"if","locations":[{"start":{"line":39,"column":2},"end":{"line":45,"column":null}},{"start":{},"end":{}}],"line":39},"7":{"loc":{"start":{"line":47,"column":22},"end":{"line":47,"column":null}},"type":"binary-expr","locations":[{"start":{"line":47,"column":22},"end":{"line":47,"column":44}},{"start":{"line":47,"column":44},"end":{"line":47,"column":null}}],"line":47},"8":{"loc":{"start":{"line":58,"column":11},"end":{"line":62,"column":null}},"type":"cond-expr","locations":[{"start":{"line":59,"column":12},"end":{"line":61,"column":null}},{"start":{"line":62,"column":14},"end":{"line":62,"column":null}}],"line":58},"9":{"loc":{"start":{"line":67,"column":25},"end":{"line":67,"column":52}},"type":"binary-expr","locations":[{"start":{"line":67,"column":25},"end":{"line":67,"column":50}},{"start":{"line":67,"column":50},"end":{"line":67,"column":52}}],"line":67},"10":{"loc":{"start":{"line":82,"column":13},"end":{"line":84,"column":null}},"type":"cond-expr","locations":[{"start":{"line":83,"column":16},"end":{"line":83,"column":null}},{"start":{"line":84,"column":16},"end":{"line":84,"column":null}}],"line":82},"11":{"loc":{"start":{"line":95,"column":13},"end":{"line":111,"column":null}},"type":"cond-expr","locations":[{"start":{"line":96,"column":14},"end":{"line":96,"column":null}},{"start":{"line":98,"column":14},"end":{"line":111,"column":null}}],"line":95},"12":{"loc":{"start":{"line":105,"column":23},"end":{"line":105,"column":73}},"type":"binary-expr","locations":[{"start":{"line":105,"column":23},"end":{"line":105,"column":63}},{"start":{"line":105,"column":63},"end":{"line":105,"column":73}}],"line":105},"13":{"loc":{"start":{"line":105,"column":30},"end":{"line":105,"column":45}},"type":"binary-expr","locations":[{"start":{"line":105,"column":30},"end":{"line":105,"column":43}},{"start":{"line":105,"column":43},"end":{"line":105,"column":45}}],"line":105},"14":{"loc":{"start":{"line":108,"column":23},"end":{"line":108,"column":null}},"type":"cond-expr","locations":[{"start":{"line":108,"column":47},"end":{"line":108,"column":67}},{"start":{"line":108,"column":67},"end":{"line":108,"column":null}}],"line":108},"15":{"loc":{"start":{"line":115,"column":11},"end":{"line":119,"column":null}},"type":"cond-expr","locations":[{"start":{"line":116,"column":12},"end":{"line":118,"column":null}},{"start":{"line":119,"column":14},"end":{"line":119,"column":null}}],"line":115}},"s":{"0":0,"1":0,"2":0,"3":0,"4":0,"5":0,"6":0,"7":0,"8":0,"9":0,"10":0,"11":0,"12":0,"13":0,"14":0,"15":0,"16":0,"17":0,"18":0,"19":0,"20":0},"f":{"0":0,"1":0,"2":0,"3":0,"4":0},"b":{"0":[0,0],"1":[0,0],"2":[0,0],"3":[0,0],"4":[0,0],"5":[0,0],"6":[0,0],"7":[0,0],"8":[0,0],"9":[0,0],"10":[0,0],"11":[0,0],"12":[0,0],"13":[0,0],"14":[0,0],"15":[0,0]},"meta":{"lastBranch":16,"lastFunction":5,"lastStatement":21,"seen":{"f:5:9:5:17":0,"b:6:2:6:Infinity:undefined:undefined:undefined:undefined":0,"s:6:2:6:Infinity":0,"s:6:10:6:Infinity":1,"s:7:13:7:Infinity":2,"b:7:37:7:51:7:51:7:Infinity":1,"s:8:2:8:Infinity":3,"b:8:31:8:37:8:37:8:Infinity":2,"f:11:24:11:42":1,"s:12:17:12:Infinity":4,"s:13:13:13:Infinity":5,"b:13:13:13:27:13:27:13:Infinity":3,"s:15:21:15:Infinity":6,"s:16:24:16:Infinity":7,"b:21:2:28:Infinity:undefined:undefined:undefined:undefined":4,"s:21:2:28:Infinity":8,"s:22:4:26:Infinity":9,"b:30:2:36:Infinity:undefined:undefined:undefined:undefined":5,"s:30:2:36:Infinity":10,"s:31:4:34:Infinity":11,"s:38:16:38:Infinity":12,"b:39:2:45:Infinity:undefined:undefined:undefined:undefined":6,"s:39:2:45:Infinity":13,"s:40:4:43:Infinity":14,"s:47:22:47:Infinity":15,"b:47:22:47:44:47:44:47:Infinity":7,"s:48:24:48:Infinity":16,"f:48:43:48:44":2,"s:48:55:48:77":17,"s:50:2:122:Infinity":18,"b:59:12:61:Infinity:62:14:62:Infinity":8,"b:67:25:67:50:67:50:67:52":9,"b:83:16:83:Infinity:84:16:84:Infinity":10,"b:96:14:96:Infinity:98:14:111:Infinity":11,"f:100:22:100:23":3,"s:100:42:100:89":19,"f:102:21:102:22":4,"s:103:18:110:Infinity":20,"b:105:23:105:63:105:63:105:73":12,"b:105:30:105:43:105:43:105:45":13,"b:108:47:108:67:108:67:108:Infinity":14,"b:116:12:118:Infinity:119:14:119:Infinity":15}}}
,"/home/runner/workspace/client/src/pages/ThemesScreen.tsx": {"path":"/home/runner/workspace/client/src/pages/ThemesScreen.tsx","statementMap":{"0":{"start":{"line":6,"column":2},"end":{"line":6,"column":null}},"1":{"start":{"line":6,"column":10},"end":{"line":6,"column":null}},"2":{"start":{"line":7,"column":13},"end":{"line":7,"column":null}},"3":{"start":{"line":8,"column":2},"end":{"line":8,"column":null}},"4":{"start":{"line":12,"column":46},"end":{"line":12,"column":null}},"5":{"start":{"line":14,"column":2},"end":{"line":21,"column":null}},"6":{"start":{"line":15,"column":4},"end":{"line":19,"column":null}},"7":{"start":{"line":23,"column":2},"end":{"line":29,"column":null}},"8":{"start":{"line":24,"column":4},"end":{"line":27,"column":null}},"9":{"start":{"line":31,"column":17},"end":{"line":31,"column":null}},"10":{"start":{"line":33,"column":2},"end":{"line":82,"column":null}},"11":{"start":{"line":62,"column":16},"end":{"line":76,"column":null}}},"fnMap":{"0":{"name":"fmtDate","decl":{"start":{"line":5,"column":9},"end":{"line":5,"column":17}},"loc":{"start":{"line":5,"column":34},"end":{"line":9,"column":null}},"line":5},"1":{"name":"ThemesScreen","decl":{"start":{"line":11,"column":24},"end":{"line":11,"column":39}},"loc":{"start":{"line":11,"column":39},"end":{"line":84,"column":null}},"line":11},"2":{"name":"(anonymous_2)","decl":{"start":{"line":61,"column":25},"end":{"line":61,"column":26}},"loc":{"start":{"line":62,"column":16},"end":{"line":76,"column":null}},"line":62}},"branchMap":{"0":{"loc":{"start":{"line":6,"column":2},"end":{"line":6,"column":null}},"type":"if","locations":[{"start":{"line":6,"column":2},"end":{"line":6,"column":null}},{"start":{},"end":{}}],"line":6},"1":{"loc":{"start":{"line":7,"column":13},"end":{"line":7,"column":null}},"type":"cond-expr","locations":[{"start":{"line":7,"column":37},"end":{"line":7,"column":51}},{"start":{"line":7,"column":51},"end":{"line":7,"column":null}}],"line":7},"2":{"loc":{"start":{"line":8,"column":9},"end":{"line":8,"column":null}},"type":"cond-expr","locations":[{"start":{"line":8,"column":31},"end":{"line":8,"column":37}},{"start":{"line":8,"column
[...]
,"/home/runner/workspace/client/src/pages/snippet-show.tsx": {"path":"/home/runner/workspace/client/src/pages/snippet-show.tsx","statementMap":{"0":{"start":{"line":16,"column":24},"end":{"line":16,"column":null}},"1":{"start":{"line":17,"column":32},"end":{"line":17,"column":null}},"2":{"start":{"line":18,"column":21},"end":{"line":18,"column":null}},"3":{"start":{"line":20,"column":8},"end":{"line":20,"column":null}},"4":{"start":{"line":22,"column":8},"end":{"line":25,"column":null}},"5":{"start":{"line":23,"column":19},"end":{"line":23,"column":null}},"6":{"start":{"line":24,"column":4},"end":{"line":24,"column":null}},"7":{"start":{"line":27,"column":18},"end":{"line":27,"column":null}},"8":{"start":{"line":29,"column":8},"end":{"line":36,"column":null}},"9":{"start":{"line":30,"column":4},"end":{"line":30,"column":null}},"10":{"start":{"line":30,"column":20},"end":{"line":30,"column":null}},"11":{"start":{"line":31,"column":4},"end":{"line":35,"column":null}},"12":{"start":{"line":31,"column":27},"end":{"line":34,"column":null}},"13":{"start":{"line":33,"column":9},"end":{"line":33,"column":null}},"14":{"start":{"line":38,"column":8},"end":{"line":56,"column":null}},"15":{"start":{"line":40,"column":14},"end":{"line":40,"column":null}},"16":{"start":{"line":42,"column":4},"end":{"line":53,"column":null}},"17":{"start":{"line":43,"column":27},"end":{"line":43,"column":null}},"18":{"start":{"line":44,"column":21},"end":{"line":44,"column":null}},"19":{"start":{"line":46,"column":6},"end":{"line":52,"column":null}},"20":{"start":{"line":48,"column":10},"end":{"line":50,"column":null}},"21":{"start":{"line":51,"column":8},"end":{"line":51,"column":null}},"22":{"start":{"line":55,"column":4},"end":{"line":55,"column":null}},"23":{"start":{"line":59,"column":16},"end":{"line":59,"column":null}},"24":{"start":{"line":61,"column":32},"end":{"line":67,"column":null}},"25":{"start":{"line":63,"column":6},"end":{"line":65,"column":null}},"26":{"start":{"line":64,"column":8},"end":{"line":64,"column":null}},"27":{"start":{"line":64,"column":27},"end":{"line":64,"column":38}},"28":{"start":{"line":69,"column":18},"end":{"line":121,"column":null}},"29":{"start":{"line":70,"column":10},"end":{"line":119,"column":null}},"30":{"start":{"line":74,"column":25},"end":{"line":74,"column":null}},"31":{"start":{"line":80,"column":26},"end":{"line":80,"column":null}},"32":{"start":{"line":81,"column":10},"end":{"line":87,"column":null}},"33":{"start":{"line":94,"column":25},"end":{"line":94,"column":null}},"34":{"start":{"line":100,"column":26},"end":{"line":100,"column":null}},"35":{"start":{"line":101,"column":10},"end":{"line":115,"column":null}},"36":{"start":{"line":105,"column":16},"end":{"line":109,"column":null}},"37":{"start":{"line":108,"column":18},"end":{"line":108,"column":null}},"38":{"start":{"line":123,"column":8},"end":{"line":127,"column":null}},"39":{"start":{"line":129,"column":2},"end":{"line":139,"column":null}},"40":{"start":{"line":130,"column":4},"end":{"line":137,"column":null}},"41":{"start":{"line":143,"column":2},"end":{"line":181,"column":null}},"42":{"start":{"line":157,"column":12},"end":{"line":166,"column":null}},"43":{"start":{"line":159,"column":16},"end":{"line":164,"column":null}},"44":{"start":{"line":171,"column":12},"end":{"line":177,"column":null}},"45":{"start":{"line":173,"column":16},"end":{"line":175,"column":null}}},"fnMap":{"0":{"name":"SnippetTable","decl":{"start":{"line":15,"column":24},"end":{"line":15,"column":39}},"loc":{"start":{"line":15,"column":39},"end":{"line":183,"column":null}},"line":15},"1":{"name":"(anonymous_1)","decl":{"start":{"line":22,"column":28},"end":{"line":22,"column":34}},"loc":{"start":{"line":22,"column":34},"end":{"line":25,"column":5}},"line":22},"2":{"name":"(anonymous_2)","decl":{"start":{"line":29,"column":23},"end":{"line":29,"column":29}},"loc":{"start":{"line":29,"column":29},"end":{"line":36,"column":5}},"line":29},"3":{"name":"(anonymous_3)","decl":{"start":{"line":31,"column":26},"end":{"line":31,"column":27}},"loc":{"start":{"line":31,"column":27},"end":{"line":34,"column":null}},"line":31},"4":{"name":"(anonymous_4)","decl":{"start":{"line":33,"column":8},"end":{"line":33,"column":9}},"loc":{"start":{"line":33,"column":9},"end":{"line":33,"column":null}},"line":33},"5":{"name":"(anonymous_5)","decl":{"start":{"line":38,"column":28},"end":{"line":38,"column":34}},"loc":{"start":{"line":38,"column":34},"end":{"line":56,"column":5}},"line":38},"6":{"name":"(anonymous_6)","decl":{"start":{"line":46,"column":23},"end":{"line":46,"column":24}},"loc":{"start":{"line":46,"column":30},"end":{"line":52,"column":7}},"line":46},"7":{"name":"(anonymous_7)","decl":{"start":{"line":62,"column":15},"end":{"line":62,"column":16}},"loc":{"start":{"line":62,"column":30},"end":{"line":66,"column":null}},"line":62},"8":{"name":"(anonymous_8)","decl":{"start":{"line":63,"column":43},"end":{"line":63,"column":44}},"loc":{"start":{"line":64,"column":8},"end":{"line":64,"column":null}},"line":64},"9":{"name":"(anonymous_9)","decl":{"start":{"line":64,"column":20},"end":{"line":64,"column":21}},"loc":{"start":{"line":64,"column":27},"end":{"line":64,"column":38}},"line":64},"10":{"name":"(anonymous_10)","decl":{"start":{"line":70,"column":4},"end":{"line":70,"column":10}},"loc":{"start":{"line":70,"column":10},"end":{"line":119,"column":null}},"line":70},"11":{"name":"(anonymous_11)","decl":{"start":{"line":74,"column":14},"end":{"line":74,"column":15}},"loc":{"start":{"line":74,"column":25},"end":{"line":74,"column":null}},"line":74},"12":{"name":"(anonymous_12)","decl":{"start":{"line":79,"column":14},"end":{"line":79,"column":15}},"loc":{"start":{"line":79,"column":27},"end":{"line":89,"column":null}},"line":79},"13":{"name":"(anonymous_13)","decl":{"start":{"line":94,"column":14},"end":{"line":94,"column":15}},"loc":{"start":{"line":94,"column":25},"end":{"line":94,"column":null}},"line":94},"14":{"name":"(anonymous_14)","decl":{"start":{"line":99,"column":14},"end":{"line":99,"column":15}},"loc":{"start":{"line":99,"column":27},"end":{"line":117,"column":null}},"line":99},"15":{"name":"(anonymous_15)","decl":{"start":{"line":104,"column":23},"end":{"line":104,"column":29}},"loc":{"start":{"line":104,"column":29},"end":{"line":110,"column":null}},"line":104},"16":{"name":"(anonymous_16)","decl":{"start":{"line":156,"column":39},"end":{"line":156,"column":40}},"loc":{"start":{"line":157,"column":12},"end":{"line":166,"column":null}},"line":157},"17":{"name":"(anonymous_17)","decl":{"start":{"line":158,"column":39},"end":{"line":158,"column":40}},"loc":{"start":{"line":159,"column":16},"end":{"line":164,"column":null}},"line":159},"18":{"name":"(anonymous_18)","decl":{"start":{"line":170,"column":40},"end":{"line":170,"column":41}},"loc":{"start":{"line":171,"column":12},"end":{"line":177,"column":null}},"line":171},"19":{"name":"(anonymous_19)","decl":{"start":{"line":172,"column":41},"end":{"line":172,"column":42}},"loc":{"start":{"line":173,"column":16},"end":{"line":175,"column":null}},"line":173}},"branchMap":{"0":{"loc":{"start":{"line":27,"column":18},"end":{"line":27,"column":null}},"type":"binary-expr","locations":[{"start":{"line":27,"column":18},"end":{"line":27,"column":40}},{"start":{"line":27,"column":40},"end":{"line":27,"column":null}}],"line":27},"1":{"loc":{"start":{"line":30,"column":4},"end":{"line":30,"column":null}},"type":"if","locations":[{"start":{"line":30,"column":4},"end":{"line":30,"column":null}},{"start":{},"end":{}}],"line":30},"2":{"loc":{"start":{"line":32,"column":7},"end":{"line":32,"column":21}},"type":"binary-expr","locations":[{"start":{"line":32,"column":7},"end":{"line":32,"column":17}},{"start":{"line":32,"column":17},"end":{"line":32,"column":21}}],"line":32},"3":{"loc":{"start":{"line":33,"column":18},"end":{"line":33,"column":29}},"type":"binary-expr","locations":[{"start":{"line":33,"column":18},"end":{"line":33,"column":25}},{"start":{"line":33,"column":25},"end":{"line":33,"column":29}}],"line":33},"4":{"loc":{"start":{"line":42,"column":4},"end":{"line":53,"column":null}},"type":"if","locations":[{"start":{"line":42,"column":4},"end":{"line":53,"column":null}},{"start":{},"end":{}}],"line":42},"5":{"loc":{"start":{"line":48,"column":10},"end":{"line":50,"column":null}},"type":"cond-expr","locations":[{"start":{"line":49,"column":14},"end":{"line":49,"column":null}},{"start":{"line":50,"column":14},"end":{"line":50,"column":null}}],"line":48},"6":{"loc":{"start":{"line":105,"column":16},"end":{"line":109,"column":null}},"type":"if","locations":[{"start":{"line":105,"column":16},"end":{"line":109,"column":null}},{"start":{},"end":{}}],"line":105},"7":{"loc":{"start":{"line":129,"column":2},"end":{"line":139,"column":null}},"type":"if","locations":[{"start":{"line":129,"column":2},"end":{"line":139,"column":null}},{"start":{},"end":{}}],"line":129},"8":{"loc":{"start":{"line":145,"column":7},"end":{"line":151,"column":null}},"type":"binary-expr","locations":[{"start":{"line":145,"column":7},"end":{"line":145,"column":null}},{"start":{"line":146,"column":8},"end":{"line":151,"column":null}}],"line":145}},"s":{"0":5,"1":5,"2":5,"3":5,"4":5,"5":5,"6":5,"7":5,"8":5,"9":5,"10":5,"11":0,"12":0,"13":0,"14":5,"15":5,"16":5,"17":0,"18":0,"19":0,"20":0,"21":0,"22":5,"23":5,"24":5,"25":0,"26":0,"27":0,"28":5,"29":5,"30":6,"31":6,"32":6,"33":6,"34":6,"35":6,"36":1,"37":1,"38":5,"39":5,"40":1,"41":4,"42":4,"43":16,"44":6,"45":24},"f":{"0":5,"1":5,"2":5,"3":0,"4":0,"5":5,"6":0,"7":0,"8":0,"9":0,"10":5,"11":6,"12":6,"13":6,"14":6,"15":1,"16":4,"17":16,"18":6,"19":24},"b":{"0":[5,1],"1":[5,0],"2":[0,0],"3":[0,0],"4":[0,5],"5":[0,0],"6":[1,0],"7":[1,4],"8":[4,0]},"meta":{"lastBranch":9,"lastFunction":20,"lastStatement":46,"seen":{"f:15:24:15:39":0,"s:16:24:16:Infinity":0,"s:17:32:17:Infinity":1,"s:18:21:18:Infinity":2,"s:20:8:20:Infinity":3,"s:22:8:25:Infinity":4,"f:22:28:22:34":1,"s:23:19:23:Infinity":5,"s:24:4:24:Infinity":6,"s:27:18:27:Infinity":7,"b:27:18:27:40:27:40:27:Infinity":0,"s:29:8:36:Infinity":8,"f:29:23:29:29":2,"b:30:4:30:Infinity:undefined:undefined:undefined:undefined":1,"s:30:4:30:Infinity":9,"s:30:20:30:Infinity":10,"s:31:4:35:Infinity":11,"f:31:26:31:27":3,"s:31:27:34:Infinity":12,"b:32:7:32:17:32:17:32:21":2,"f:33:8:33:9":4,"s:33:9:33:Infinity":13,"b:33:18:33:25:33:25:33:29":3,"s:38:8:56:Infinity":14,"f:38:28:38:34":5,"s:40:14:40:Infinity":15,"b:42:4:53:Infinity:undefined:undefined:undefined:undefined":4,"s:42:4:53:Infinity":16,"s:43:27:43:Infinity":17,"s:44:21:44:Infinity":18,"s:46:6:52:Infinity":19,"f:46:23:46:24":6,"s:48:10:50:Infinity":20,"b:49:14:49:Infinity:50:14:50:Infinity":5,"s:51:8:51:Infinity":21,"s:55:4:55:Infinity":22,"s:59:16:59:Infinity":23,"s:61:32:67:Infinity":24,"f:62:15:62:16":7,"s:63:6:65:Infinity":25,"f:63:43:63:44":8,"s:64:8:64:Infinity":26,"f:64:20:64:21":9,"s:64:27:64:38":27,"s:69:18:121:Infinity":28,"f:70:4:70:10":10,"s:70:10:119:Infinity":29,"f:74:14:74:15":11,"s:74:25:74:Infinity":30,"f:79:14:79:15":12,"s:80:26:80:Infinity":31,"s:81:10:87:Infinity":32,"f:94:14:94:15":13,"s:94:25:94:Infinity":33,"f:99:14:99:15":14,"s:100:26:100:Infinity":34,"s:101:10:115:Infinity":35,"f:104:23:104:29":15,"b:105:16:109:Infinity:undefined:undefined:undefined:undefined":6,"s:105:16:109:Infinity":36,"s:108:18:108:Infinity":37,"s:123:8:127:Infinity":38,"b:129:2:139:Infinity:undefined:undefined:undefined:undefined":7,"s:129:2:139:Infinity":39,"s:130:4:137:Infinity":40,"s:143:2:181:Infinity":41,"b:145:7:145:Infinity:146:8:151:Infinity":8,"f:156:39:156:40":16,"s:157:12:166:Infinity":42,"f:158:39:158:40":17,"s:159:16:164:Infinity":43,"f:170:40:170:41":18,"s:171:12:177:Infinity":44,"f:172:41:172:42":19,"s:173:16:175:Infinity":45}}}
,"/home/runner/workspace/client/src/pages/snippet.tsx": {"path":"/home/runner/workspace/client/src/pages/snippet.tsx","statementMap":{"0":{"start":{"line":3,"column":2},"end":{"line":6,"column":null}}},"fnMap":{"0":{"name":"SnippetScreen","decl":{"start":{"line":2,"column":24},"end":{"line":2,"column":40}},"loc":{"start":{"line":2,"column":40},"end":{"line":8,"column":null}},"line":2}},"branchMap":{},"s":{"0":0},"f":{"0":0},"b":{},"meta":{"lastBranch":0,"lastFunction":1,"lastStatement":1,"seen":{"f:2:24:2:40":0,"s:3:2:6:Infinity":0}}}
,"/home/runner/workspace/client/src/pages/forms/snippet-form.tsx": {"path":"/home/runner/workspace/client/src/pages/forms/snippet-form.tsx","statementMap":{"0":{"start":{"line":31,"column":26},"end":{"line":35,"column":null}},"1":{"start":{"line":40,"column":16},"end":{"line":40,"column":null}},"2":{"start":{"line":41,"column":30},"end":{"line":41,"column":null}},"3":{"start":{"line":43,"column":8},"end":{"line":50,"column":null}},"4":{"start":{"line":52,"column":15},"end":{"line":52,"column":null}},"5":{"start":{"line":54,"column":8},"end":{"line":63,"column":null}},"6":{"start":{"line":55,"column":23},"end":{"line":55,"column":null}},"7":{"start":{"line":56,"column":4},"end":{"line":62,"column":null}},"8":{"start":{"line":57,"column":6},"end":{"line":60,"column":null}},"9":{"start":{"line":61,"column":6},"end":{"line":61,"column":null}},"10":{"start":{"line":65,"column":32},"end":{"line":70,"column":null}},"11":{"start":{"line":66,"column":4},"end":{"line":69,"column":null}},"12":{"start":{"line":67,"column":6},"end":{"line":67,"column":null}},"13":{"start":{"line":68,"column":6},"end":{"line":68,"column":null}},"14":{"start":{"line":71,"column":26},"end":{"line":77,"column":null}},"15":{"start":{"line":72,"column":4},"end":{"line":76,"column":null}},"16":{"start":{"line":74,"column":27},"end":{"line":74,"column":46}},"17":{"start":{"line":79,"column":32},"end":{"line":84,"column":null}},"18":{"start":{"line":81,"column":6},"end":{"line":81,"column":null}},"19":{"start":{"line":82,"column":6},"end":{"line":82,"column":null}},"20":{"start":{"line":86,"column":19},"end":{"line":93,"column":null}},"21":{"start":{"line":87,"column":4},"end":{"line":87,"column":null}},"22":{"start":{"line":88,"column":4},"end":{"line":91,"column":null}},"23":{"start":{"line":92,"column":4},"end":{"line":92,"column":null}},"24":{"start":{"line":94,"column":2},"end":{"line":229,"column":null}},"25":{"start":{"line":117,"column":20},"end":{"line":130,"column":null}},"26":{"start":{"line":138,"column":20},"end":{"line":153,"column":null}},"27":{"start":{"line":166,"column":41},"end":{"line":166,"column":null}},"28":{"start":{"line":184,"column":24},"end":{"line":202,"column":null}},"29":{"start":{"line":198,"column":43},"end":{"line":198,"column":null}}},"fnMap":{"0":{"name":"SnippetForm","decl":{"start":{"line":39,"column":24},"end":{"line":39,"column":38}},"loc":{"start":{"line":39,"column":38},"end":{"line":231,"column":null}},"line":39},"1":{"name":"(anonymous_1)","decl":{"start":{"line":54,"column":35},"end":{"line":54,"column":41}},"loc":{"start":{"line":54,"column":41},"end":{"line":63,"column":5}},"line":54},"2":{"name":"(anonymous_2)","decl":{"start":{"line":65,"column":32},"end":{"line":65,"column":33}},"loc":{"start":{"line":65,"column":78},"end":{"line":70,"column":null}},"line":65},"3":{"name":"(anonymous_3)","decl":{"start":{"line":71,"column":26},"end":{"line":71,"column":27}},"loc":{"start":{"line":71,"column":51},"end":{"line":77,"column":null}},"line":71},"4":{"name":"(anonymous_4)","decl":{"start":{"line":74,"column":18},"end":{"line":74,"column":19}},"loc":{"start":{"line":74,"column":27},"end":{"line":74,"column":46}},"line":74},"5":{"name":"(anonymous_5)","decl":{"start":{"line":80,"column":15},"end":{"line":80,"column":21}},"loc":{"start":{"line":80,"column":21},"end":{"line":83,"column":null}},"line":80},"6":{"name":"(anonymous_6)","decl":{"start":{"line":86,"column":19},"end":{"line":86,"column":26}},"loc":{"start":{"line":86,"column":54},"end":{"line":93,"column":null}},"line":86},"7":{"name":"(anonymous_7)","decl":{"start":{"line":116,"column":26},"end":{"line":116,"column":27}},"loc":{"start":{"line":117,"column":20},"end":{"line":130,"column":null}},"line":117},"8":{"name":"(anonymous_8)","decl":{"start":{"line":137,"column":26},"end":{"line":137,"column":27}},"loc":{"start":{"line":138,"column":20},"end":{"line":153,"column":null}},"line":138},"9":{"name":"(anonymous_9)","decl":{"start":{"line":166,"column":34},"end":{"line":166,"column":35}},"loc":{"start":{"line":166,"column":41},"end":{"line":166,"column":null}},"line":166},"10":{"name":"(anonymous_10)","decl":{"start":{"line":183,"column":32},"end":{"line":183,"column":33}},"loc":{"start":{"line":184,"column":24},"end":{"line":202,"column":null}},"line":184},"11":{"name":"(anonymous_11)","decl":{"start":{"line":198,"column":37},"end":{"line":198,"column":43}},"loc":{"start":{"line":198,"column":43},"end":{"line":198,"column":null}},"line":198}},"branchMap":{"0":{"loc":{"start":{"line":56,"column":4},"end":{"line":62,"column":null}},"type":"if","locations":[{"start":{"line":56,"column":4},"end":{"line":62,"column":null}},{"start":{},"end":{}}],"line":56},"1":{"loc":{"start":{"line":56,"column":8},"end":{"line":56,"column":50}},"type":"binary-expr","locations":[{"start":{"line":56,"column":8},"end":{"line":56,"column":22}},{"start":{"line":56,"column":22},"end":{"line":56,"column":50}}],"line":56},"2":{"loc":{"start":{"line":66,"column":4},"end":{"line":69,"column":null}},"type":"if","locations":[{"start":{"line":66,"column":4},"end":{"line":69,"column":null}},{"start":{},"end":{}}],"line":66},"3":{"loc":{"start":{"line":181,"column":19},"end":{"line":204,"column":null}},"type":"binary-expr","locations":[{"start":{"line":181,"column":19},"end":{"line":181,"column":null}},{"start":{"line":182,"column":20},"end":{"line":204,"column":null}}],"line":181},"4":{"loc":{"start":{"line":206,"column":19},"end":{"line":209,"column":null}},"type":"binary-expr","locations":[{"start":{"line":206,"column":19},"end":{"line":206,"column":null}},{"start":{"line":207,"column":20},"end":{"line":209,"column":null}}],"line":206},"5":{"loc":{"start":{"line":217,"column":22},"end":{"line":217,"column":null}},"type":"binary-expr","locations":[{"start":{"line":217,"column":22},"end":{"line":217,"column":49}},{"start":{"line":217,"column":49},"end":{"line":217,"column":null}}],"line":217}},"s":{"0":0,"1":0,"2":0,"3":0,"4":0,"5":0,"6":0,"7":0,"8":0,"9":0,"10":0,"11":0,"12":0,"13":0,"14":0,"15":0,"16":0,"17":0,"18":0,"19":0,"20":0,"21":0,"22":0,"23":0,"24":0,"25":0,"26":0,"27":0,"28":0,"29":0},"f":{"0":0,"1":0,"2":0,"3":0,"4":0,"5":0,"6":0,"7":0,"8":0,"9":0,"10":0,"11":0},"b":{"0":[0,0],"1":[0,0],"2":[0,0],"3":[0,0],"4":[0,0],"5":[0,0]},"meta":{"lastBranch":6,"lastFunction":12,"lastStatement":30,"seen":{"s:31:26:35:Infinity":0,"f:39:24:39:38":0,"s:40:16:40:Infinity":1,"s:41:30:41:Infinity":2,"s:43:8:50:Infinity":3,"s:52:15:52:Infinity":4,"s:54:8:63:Infinity":5,"f:54:35:54:41":1,"s:55:23:55:Infinity":6,"b:56:4:62:Infinity:undefined:undefined:undefined:undefined":0,"s:56:4:62:Infinity":7,"b:56:8:56:22:56:22:56:50":1,"s:57:6:60:Infinity":8,"s:61:6:61:Infinity":9,"s:65:32:70:Infinity":10,"f:65:32:65:33":2,"b:66:4:69:Infinity:undefined:undefined:undefined:undefined":2,"s:66:4:69:Infinity":11,"s:67:6:67:Infinity":12,"s:68:6:68:Infinity":13,"s:71:26:77:Infinity":14,"f:71:26:71:27":3,"s:72:4:76:Infinity":15,"f:74:18:74:19":4,"s:74:27:74:46":16,"s:79:32:84:Infinity":17,"f:80:15:80:21":5,"s:81:6:81:Infinity":18,"s:82:6:82:Infinity":19,"s:86:19:93:Infinity":20,"f:86:19:86:26":6,"s:87:4:87:Infinity":21,"s:88:4:91:Infinity":22,"s:92:4:92:Infinity":23,"s:94:2:229:Infinity":24,"f:116:26:116:27":7,"s:117:20:130:Infinity":25,"f:137:26:137:27":8,"s:138:20:153:Infinity":26,"f:166:34:166:35":9,"s:166:41:166:Infinity":27,"b:181:19:181:Infinity:182:20:204:Infinity":3,"f:183:32:183:33":10,"s:184:24:202:Infinity":28,"f:198:37:198:43":11,"s:198:43:198:Infinity":29,"b:206:19:206:Infinity:207:20:209:Infinity":4,"b:217:22:217:49:217:49:217:Infinity":5}}}
}
